[2025-08-18 00:30:25] [INFO] Iniciando o Robô...
[2025-08-18 00:30:25] [INFO] Iniciando Conexão com a IQ Option...
[2025-08-18 00:30:28] [INFO] Conectado com sucesso!
[2025-08-18 00:30:28] [STATUS] Conta DEMO selecionada.
[2025-08-18 00:30:28] [STATUS] Usuário: Willian Sandi
[2025-08-18 00:30:28] [STATUS] Saldo atual: R$11011.78
[2025-08-18 00:30:28] [INFO] ----------------------------------------------------
[2025-08-18 00:30:28] [INFO] Servidor de sinais iniciado. Escutando em tcp://127.0.0.1:5557...
[2025-08-18 00:30:38] [INFO] Sinal do MT4 recebido: 'TESTE DE CONEXAO MANUAL ENVIADO AS 06:30:37'
[2025-08-18 00:30:38] [STATUS] Sinal de TESTE MANUAL detectado. Gerando uma ordem de teste...
[2025-08-18 00:30:38] [INFO] SINAL VÁLIDO: Ativo=EURUSD, Timeframe=1M, Direção=CALL
[2025-08-18 00:30:52] [AVISO] EURUSD não está aberto para operações no momento.
[2025-08-18 00:30:59] [INFO] Ativo EURUSD liberado para novas operações.
[2025-08-18 00:33:22] [INFO] Iniciando o Robô...
[2025-08-18 00:33:22] [INFO] Iniciando Conexão com a IQ Option...
[2025-08-18 00:33:24] [INFO] Conectado com sucesso!
[2025-08-18 00:33:24] [STATUS] Conta DEMO selecionada.
[2025-08-18 00:33:24] [STATUS] Usuário: Willian Sandi
[2025-08-18 00:33:25] [STATUS] Saldo atual: R$11011.78
[2025-08-18 00:33:25] [INFO] ----------------------------------------------------
[2025-08-18 00:33:25] [INFO] Servidor de sinais iniciado. Escutando em tcp://127.0.0.1:5557...
[2025-08-18 00:33:27] [INFO] Sinal do MT4 recebido: 'TESTE DE CONEXAO MANUAL ENVIADO AS 06:33:26'
[2025-08-18 00:33:27] [STATUS] Sinal de TESTE MANUAL detectado. Gerando uma ordem de teste...
[2025-08-18 00:33:27] [INFO] SINAL VÁLIDO: Ativo=EURUSD, Timeframe=1M, Direção=CALL
[2025-08-18 00:33:41] [AVISO] EURUSD não está aberto para operações no momento.
[2025-08-18 00:33:41] [INFO] Ativo EURUSD liberado para novas operações.
[2025-08-18 00:33:42] [INFO] Sinal do MT4 recebido: 'EURUSD M1 ENTRADA 00:34 POSSÍVEL COMPRA'
[2025-08-18 00:33:42] [INFO] Sinal ignorado (não é SUPER).
[2025-08-18 00:34:01] [INFO] Sinal do MT4 recebido: 'EURUSD M1 COMPRA'
[2025-08-18 00:34:01] [INFO] Sinal ignorado (não é SUPER).
[2025-08-18 00:37:10] [INFO] 
Encerrando o robô... Adeus!
[2025-08-18 00:37:19] [INFO] Iniciando o Robô...
[2025-08-18 00:37:19] [INFO] Iniciando Conexão com a IQ Option...
[2025-08-18 00:37:21] [INFO] Conectado com sucesso!
[2025-08-18 00:37:21] [STATUS] Conta DEMO selecionada.
[2025-08-18 00:37:21] [STATUS] Usuário: Willian Sandi
[2025-08-18 00:37:21] [STATUS] Saldo atual: R$11011.78
[2025-08-18 00:37:21] [INFO] ----------------------------------------------------
[2025-08-18 00:37:21] [INFO] Servidor de sinais iniciado. Escutando em tcp://127.0.0.1:5557...
[2025-08-18 00:37:25] [INFO] Sinal do MT4 recebido: 'TESTE DE CONEXAO MANUAL ENVIADO AS 06:37:23'
[2025-08-18 00:37:25] [STATUS] Sinal de TESTE MANUAL detectado. Gerando uma ordem de teste...
[2025-08-18 00:37:25] [INFO] SINAL VÁLIDO: Ativo=EURUSD, Timeframe=1M, Direção=CALL
[2025-08-18 00:37:38] [AVISO] EURUSD não está aberto para operações no momento.
[2025-08-18 00:37:38] [INFO] Ativo EURUSD liberado para novas operações.
[2025-08-18 00:37:58] [INFO] Sinal do MT4 recebido: 'EA Desconectado pelo usuário.'
[2025-08-18 00:37:58] [INFO] Sinal ignorado (não é SUPER).
[2025-08-18 00:51:36] [INFO] Iniciando o Robô...
[2025-08-18 00:51:36] [INFO] Iniciando Conexão com a IQ Option...
[2025-08-18 00:51:39] [INFO] Conectado com sucesso!
[2025-08-18 00:51:39] [STATUS] Conta DEMO selecionada.
[2025-08-18 00:51:39] [STATUS] Usuário: Willian Sandi
[2025-08-18 00:51:39] [STATUS] Saldo atual: R$10996.78
[2025-08-18 00:51:39] [INFO] ----------------------------------------------------
[2025-08-18 00:51:39] [INFO] Servidor de sinais iniciado. Escutando em tcp://127.0.0.1:5557...
[2025-08-18 00:51:59] [STATUS] Conexão com o Expert Advisor (v2.6) estabelecida!
[2025-08-18 00:52:00] [INFO] Sinal do MT4 recebido: 'EURJPY M1 ENTRADA 00:52 POSSÍVEL VENDA'
[2025-08-18 00:52:00] [INFO] Sinal ignorado (não é SUPER).
[2025-08-18 00:52:04] [INFO] Sinal do MT4 recebido: 'TESTE DE CONEXAO MANUAL ENVIADO AS 06:52:03'
[2025-08-18 00:52:04] [STATUS] Sinal de TESTE MANUAL detectado. Gerando uma ordem de teste...
[2025-08-18 00:52:04] [INFO] SINAL VÁLIDO: Ativo=EURUSD, Timeframe=1M, Direção=CALL
[2025-08-18 20:00:37] [INFO] Iniciando o Robô...
[2025-08-18 20:00:37] [INFO] Iniciando Conexão com a IQ Option...
[2025-08-18 20:00:40] [INFO] Conectado com sucesso!
[2025-08-18 20:00:40] [STATUS] Conta DEMO selecionada.
[2025-08-18 20:00:40] [STATUS] Usuário: Willian Sandi
[2025-08-18 20:00:40] [STATUS] Saldo atual: R$10996.78
[2025-08-18 20:00:40] [INFO] ----------------------------------------------------
[2025-08-18 20:00:40] [INFO] Servidor de sinais iniciado. Escutando em tcp://127.0.0.1:5557...
[2025-08-18 20:00:50] [STATUS] Conexão com o Expert Advisor (v2.6) estabelecida!
[2025-08-18 20:00:51] [INFO] Sinal do MT4 recebido: 'EURJPY M1 COMPRA'
[2025-08-18 20:00:51] [INFO] Sinal ignorado (não é SUPER).
[2025-08-18 20:01:06] [INFO] Sinal do MT4 recebido: 'TESTE DE CONEXAO MANUAL ENVIADO AS 02:01:06'
[2025-08-18 20:01:06] [STATUS] Sinal de TESTE MANUAL detectado. Gerando uma ordem de teste...
[2025-08-18 20:01:06] [INFO] SINAL VÁLIDO: Ativo=EURUSD-OTC, Timeframe=1M, Direção=CALL
[2025-08-18 20:01:20] [INFO] Ativo EURUSD-OTC liberado para novas operações.
[2025-08-18 20:01:20] [ERRO] Falha ao processar o sinal 'EURUSD-OTC M1 SUPER COMPRA'. Erro: 'IQ_Option' object has no attribute 'get_payout'
[2025-08-18 20:03:03] [INFO] Sinal do MT4 recebido: 'EURJPY M1 ENTRADA 20:04 POSSÍVEL SUPER COMRPA'
[2025-08-18 20:03:03] [AVISO] Não foi possível extrair todos os dados do sinal: 'EURJPY M1 ENTRADA 20:04 POSSÍVEL SUPER COMRPA'.
[2025-08-18 20:03:14] [INFO] 
Encerrando o robô... Adeus!
[2025-08-18 20:03:18] [INFO] Iniciando o Robô...
[2025-08-18 20:03:18] [INFO] Iniciando Conexão com a IQ Option...
[2025-08-18 20:03:20] [INFO] Conectado com sucesso!
[2025-08-18 20:03:20] [STATUS] Conta DEMO selecionada.
[2025-08-18 20:03:20] [STATUS] Usuário: Willian Sandi
[2025-08-18 20:03:21] [STATUS] Saldo atual: R$10996.78
[2025-08-18 20:03:21] [INFO] ----------------------------------------------------
[2025-08-18 20:03:21] [INFO] Servidor de sinais iniciado. Escutando em tcp://127.0.0.1:5557...
[2025-08-18 20:03:25] [INFO] Sinal do MT4 recebido: 'TESTE DE CONEXAO MANUAL ENVIADO AS 02:03:24'
[2025-08-18 20:03:25] [STATUS] Sinal de TESTE MANUAL detectado. Gerando uma ordem de teste...
[2025-08-18 20:03:25] [INFO] SINAL VÁLIDO: Ativo=EURUSD-OTC, Timeframe=1M, Direção=CALL
[2025-08-18 20:03:40] [AVISO] Erro ao obter payout de binárias para EURUSD-OTC: 'float' object is not subscriptable
[2025-08-18 20:03:40] [AVISO] EURUSD-OTC não está aberto para operações no momento.
[2025-08-18 20:03:40] [INFO] Ativo EURUSD-OTC liberado para novas operações.
[2025-08-18 20:04:02] [INFO] Sinal do MT4 recebido: 'EURJPY M1 COMPRA'
[2025-08-18 20:04:02] [INFO] Sinal ignorado (não é SUPER).
[2025-08-18 20:06:26] [INFO] 
Encerrando o robô... Adeus!
[2025-08-18 20:06:31] [INFO] Iniciando o Robô...
[2025-08-18 20:06:31] [INFO] Iniciando Conexão com a IQ Option...
[2025-08-18 20:06:34] [INFO] Conectado com sucesso!
[2025-08-18 20:06:34] [STATUS] Conta DEMO selecionada.
[2025-08-18 20:06:34] [STATUS] Usuário: Willian Sandi
[2025-08-18 20:06:35] [STATUS] Saldo atual: R$10996.78
[2025-08-18 20:06:35] [INFO] ----------------------------------------------------
[2025-08-18 20:06:35] [INFO] Servidor de sinais iniciado. Escutando em tcp://127.0.0.1:5557...
[2025-08-18 20:06:37] [INFO] Sinal do MT4 recebido: 'TESTE DE CONEXAO MANUAL ENVIADO AS 02:06:36'
[2025-08-18 20:06:37] [STATUS] Sinal de TESTE MANUAL detectado. Gerando uma ordem de teste...
[2025-08-18 20:06:37] [INFO] SINAL VÁLIDO: Ativo=EURUSD-OTC, Timeframe=1M, Direção=CALL
[2025-08-18 20:06:53] [INFO] Payout EURUSD-OTC: Binária (87.0%) >= Digital (0.0%).
[2025-08-18 20:06:53] [TRADE] Abrindo ordem: Par=EURUSD-OTC, Tipo=BINARY, Timeframe=1M, Entrada=R$5.00, Direção=CALL
[2025-08-18 20:08:00] [WIN] Resultado: WIN | Lucro: R$4.35 | Lucro Total: R$4.35
[2025-08-18 20:08:00] [INFO] Ativo EURUSD-OTC liberado para novas operações.
[2025-08-18 20:09:48] [INFO] Sinal do MT4 recebido: 'TESTE DE CONEXAO MANUAL ENVIADO AS 02:09:47'
[2025-08-18 20:09:50] [STATUS] Sinal de TESTE MANUAL detectado. Gerando uma ordem de teste...
[2025-08-18 20:09:50] [INFO] SINAL VÁLIDO: Ativo=EURUSD-OTC, Timeframe=1M, Direção=CALL
[2025-08-18 20:09:56] [INFO] Payout EURUSD-OTC: Binária (87.0%) >= Digital (0.0%).
[2025-08-18 20:09:56] [TRADE] Abrindo ordem: Par=EURUSD-OTC, Tipo=BINARY, Timeframe=1M, Entrada=R$9.35, Direção=CALL
[2025-08-18 20:11:00] [WIN] Resultado: WIN | Lucro: R$8.13 | Lucro Total: R$12.48
[2025-08-18 20:11:00] [INFO] Ativo EURUSD-OTC liberado para novas operações.
[2025-08-18 20:11:17] [INFO] 
Encerrando o robô... Adeus!
[2025-08-18 20:11:39] [INFO] Iniciando o Robô...
[2025-08-18 20:11:39] [INFO] Iniciando Conexão com a IQ Option...
[2025-08-18 20:11:41] [INFO] Conectado com sucesso!
[2025-08-18 20:11:41] [STATUS] Conta DEMO selecionada.
[2025-08-18 20:11:41] [STATUS] Usuário: Willian Sandi
[2025-08-18 20:11:41] [STATUS] Saldo atual: R$11009.26
[2025-08-18 20:11:41] [INFO] ----------------------------------------------------
[2025-08-18 20:11:41] [INFO] Servidor de sinais iniciado. Escutando em tcp://127.0.0.1:5557...
[2025-08-18 20:11:47] [INFO] Sinal do MT4 recebido: 'TESTE DE CONEXAO MANUAL ENVIADO AS 02:11:46'
[2025-08-18 20:11:47] [STATUS] Sinal de TESTE MANUAL detectado. Gerando uma ordem de teste...
[2025-08-18 20:11:47] [INFO] SINAL VÁLIDO: Ativo=EURUSD-OTC, Timeframe=1M, Direção=CALL
[2025-08-18 20:12:02] [INFO] Payout EURUSD-OTC: Binária (87.0%) >= Digital (0.0%).
[2025-08-18 20:12:02] [TRADE] Abrindo ordem: Par=EURUSD-OTC, Tipo=BINARY, Timeframe=1M, Entrada=R$5.00, Direção=CALL
[2025-08-18 20:13:00] [WIN] Resultado: WIN | Lucro: R$4.35 | Lucro Total: R$4.35
[2025-08-18 20:13:00] [INFO] Ativo EURUSD-OTC liberado para novas operações.
[2025-08-18 20:16:27] [INFO] Sinal do MT4 recebido: 'EURJPY M1 ENTRADA 20:17 POSSÍVEL COMPRA'
[2025-08-18 20:16:27] [INFO] Sinal ignorado (não é SUPER).
[2025-08-18 20:16:45] [INFO] Sinal do MT4 recebido: 'TESTE DE CONEXAO MANUAL ENVIADO AS 02:16:44'
[2025-08-18 20:16:45] [STATUS] Sinal de TESTE MANUAL detectado. Gerando uma ordem de teste...
[2025-08-18 20:16:45] [INFO] SINAL VÁLIDO: Ativo=EURUSD-OTC, Timeframe=1M, Direção=CALL
[2025-08-18 20:16:54] [INFO] Payout EURUSD-OTC: Binária (87.0%) >= Digital (0.0%).
[2025-08-18 20:16:54] [TRADE] Abrindo ordem: Par=EURUSD-OTC, Tipo=BINARY, Timeframe=1M, Entrada=R$9.35, Direção=CALL
[2025-08-18 20:18:00] [WIN] Resultado: WIN | Lucro: R$8.13 | Lucro Total: R$12.48
[2025-08-18 20:18:00] [INFO] Ativo EURUSD-OTC liberado para novas operações.
[2025-08-18 20:19:46] [INFO] Sinal do MT4 recebido: 'EURJPY M1 ENTRADA 20:20 POSSÍVEL COMPRA'
[2025-08-18 20:19:46] [INFO] Sinal ignorado (não é SUPER).
[2025-08-18 20:20:04] [INFO] Sinal do MT4 recebido: 'EURJPY M1 ENTRADA 20:21 POSSÍVEL COMPRA'
[2025-08-18 20:20:04] [INFO] Sinal ignorado (não é SUPER).
[2025-08-18 20:25:36] [INFO] 
Encerrando o robô... Adeus!
[2025-08-18 20:26:01] [INFO] Iniciando o Robô...
[2025-08-18 20:26:01] [INFO] Iniciando Conexão com a IQ Option...
[2025-08-18 20:26:04] [INFO] Conectado com sucesso!
[2025-08-18 20:26:04] [STATUS] Conta DEMO selecionada.
[2025-08-18 20:26:04] [STATUS] Usuário: Willian Sandi
[2025-08-18 20:26:04] [STATUS] Saldo atual: R$11021.74
[2025-08-18 20:26:04] [INFO] ----------------------------------------------------
[2025-08-18 20:26:04] [INFO] Servidor de sinais iniciado. Escutando em tcp://127.0.0.1:5557...
[2025-08-18 20:27:13] [INFO] Sinal do MT4 recebido: 'EURJPY M1 ENTRADA 20:28 POSSÍVEL COMPRA'
[2025-08-18 20:27:13] [INFO] Sinal ignorado (não é SUPER).
[2025-08-18 20:27:22] [INFO] Sinal do MT4 recebido: 'TESTE DE CONEXAO MANUAL ENVIADO AS 02:27:22'
[2025-08-18 20:27:22] [STATUS] Sinal de TESTE MANUAL detectado. Gerando uma ordem de teste...
[2025-08-18 20:27:22] [INFO] SINAL VÁLIDO: Ativo=EURUSD-OTC, Timeframe=1M, Direção=CALL
[2025-08-18 20:27:38] [INFO] Payout EURUSD-OTC: Binária (87.0%) >= Digital (0.0%).
[2025-08-18 20:27:38] [TRADE] Abrindo ordem: Par=EURUSD-OTC, Tipo=BINARY, Entrada=R$5.00, Direção=CALL
[2025-08-18 20:29:00] [WIN] Resultado: WIN | Lucro: R$4.35 | Saldo Parcial: R$4.35
[2025-08-18 20:29:00] [SOROS] WIN no ciclo de Soros. Próximo nível: 1. Lucro acumulado no ciclo: R$4.35
[2025-08-18 20:29:00] [INFO] Ativo EURUSD-OTC liberado para novas operações.
[2025-08-18 20:32:19] [INFO] Sinal do MT4 recebido: 'TESTE DE CONEXAO MANUAL ENVIADO AS 02:32:18'
[2025-08-18 20:32:24] [STATUS] Sinal de TESTE MANUAL detectado. Gerando uma ordem de teste...
[2025-08-18 20:32:24] [INFO] SINAL VÁLIDO: Ativo=EURUSD-OTC, Timeframe=1M, Direção=CALL
[2025-08-18 20:32:24] [SOROS] Iniciando Mão de Soros Nível 1. Entrada = R$5.00 (inicial) + R$4.35 (lucro ciclo) = R$9.35
[2025-08-18 20:35:53] [INFO] Iniciando o Robô...
[2025-08-18 20:35:53] [INFO] Iniciando Conexão com a IQ Option...
[2025-08-18 20:35:55] [INFO] Conectado com sucesso!
[2025-08-18 20:35:55] [STATUS] Conta DEMO selecionada.
[2025-08-18 20:35:55] [STATUS] Usuário: Willian Sandi
[2025-08-18 20:35:56] [STATUS] Saldo atual: R$11026.09
[2025-08-18 20:35:56] [INFO] ----------------------------------------------------
[2025-08-18 20:35:56] [INFO] Servidor de sinais iniciado. Escutando em tcp://127.0.0.1:5557...
[2025-08-18 20:36:05] [INFO] Sinal do MT4 recebido: 'TESTE DE CONEXAO MANUAL ENVIADO AS 02:36:04'
[2025-08-18 20:36:05] [STATUS] Sinal de TESTE MANUAL detectado. Gerando uma ordem de teste...
[2025-08-18 20:36:05] [INFO] SINAL VÁLIDO: Ativo=EURUSD-OTC, Timeframe=1M, Direção=CALL
[2025-08-18 20:36:23] [INFO] Payout EURUSD-OTC: Binária (87.0%) >= Digital (0.0%).
[2025-08-18 20:36:23] [TRADE] Abrindo ordem: Par=EURUSD-OTC, Tipo=BINARY, Entrada=R$5.00, Direção=CALL
[2025-08-18 20:37:00] [WIN] Resultado: WIN | Lucro: R$4.35 | Saldo Parcial: R$4.35
[2025-08-18 20:37:00] [SOROS] WIN no ciclo de Soros. Próximo nível: 1. Lucro acumulado no ciclo: R$4.35
[2025-08-18 20:37:00] [INFO] Ativo EURUSD-OTC liberado para novas operações.
[2025-08-18 20:42:41] [INFO] 
Encerrando o robô... Adeus!
[2025-08-18 20:42:49] [INFO] Iniciando o Robô...
[2025-08-18 20:42:49] [INFO] Iniciando Conexão com a IQ Option...
[2025-08-18 20:42:51] [INFO] Conectado com sucesso!
[2025-08-18 20:42:51] [STATUS] Conta DEMO selecionada.
[2025-08-18 20:42:51] [STATUS] Usuário: Willian Sandi
[2025-08-18 20:42:52] [STATUS] Saldo atual: R$11030.44
[2025-08-18 20:42:52] [INFO] ----------------------------------------------------
[2025-08-18 20:42:52] [INFO] Servidor de sinais iniciado. Escutando em tcp://127.0.0.1:5557...
[2025-08-18 20:42:56] [INFO] Sinal do MT4 recebido: 'TESTE DE CONEXAO MANUAL ENVIADO AS 02:42:56'
[2025-08-18 20:42:56] [STATUS] Sinal de TESTE MANUAL detectado. Gerando uma ordem de teste...
[2025-08-18 20:42:56] [INFO] SINAL VÁLIDO: Ativo=EURUSD-OTC, Timeframe=1M, Direção=CALL
[2025-08-18 20:42:56] [TRADE] Abrindo ordem: Par=EURUSD-OTC, Tipo=BINARY, Entrada=R$5.00, Direção=CALL
[2025-08-18 20:44:00] [WIN] Resultado: WIN | Lucro: R$4.35 | Saldo Parcial: R$4.35
[2025-08-18 20:44:00] [SOROS] WIN no ciclo de Soros. Próximo nível: 1. Lucro acumulado no ciclo: R$4.35
[2025-08-18 20:44:00] [INFO] Ativo EURUSD-OTC liberado para novas operações.
[2025-08-18 20:51:46] [INFO] Sinal do MT4 recebido: 'EURJPY M1 ENTRADA 20:52 POSSÍVEL SUPER COMRPA'
[2025-08-18 20:51:46] [AVISO] Não foi possível extrair todos os dados do sinal: 'EURJPY M1 ENTRADA 20:52 POSSÍVEL SUPER COMRPA'.
[2025-08-18 20:55:42] [INFO] Sinal do MT4 recebido: 'EURJPY M1 ENTRADA 20:56 POSSÍVEL COMPRA'
[2025-08-18 20:55:42] [INFO] Sinal ignorado (não é SUPER).
[2025-08-18 20:56:03] [INFO] Sinal do MT4 recebido: 'EURJPY M1 COMPRA'
[2025-08-18 20:56:03] [INFO] Sinal ignorado (não é SUPER).
[2025-08-18 20:58:14] [INFO] Sinal do MT4 recebido: 'TESTE DE CONEXAO MANUAL ENVIADO AS 02:58:14'
[2025-08-18 20:58:17] [STATUS] Sinal de TESTE MANUAL detectado. Gerando uma ordem de teste...
[2025-08-18 20:58:17] [INFO] SINAL VÁLIDO: Ativo=EURUSD-OTC, Timeframe=1M, Direção=CALL
[2025-08-18 20:58:17] [SOROS] Iniciando Mão de Soros Nível 1. Entrada = R$5.00 (inicial) + R$4.35 (lucro ciclo) = R$9.35
[2025-08-18 20:58:17] [TRADE] Abrindo ordem: Par=EURUSD-OTC, Tipo=BINARY, Entrada=R$9.35, Direção=CALL
[2025-08-18 20:59:00] [LOSS] Resultado: LOSS | Prejuízo: R$9.35 | Saldo Parcial: R$-5.00
[2025-08-18 20:59:00] [TRADE] Abrindo Martingale 1: Par=EURUSD-OTC, Tipo=BINARY, Entrada=R$18.70, Direção=CALL
[2025-08-18 21:00:00] [LOSS] Resultado: LOSS no gale 1 | Prejuízo: R$18.70 | Saldo Parcial: R$-23.70
[2025-08-18 21:00:00] [TRADE] Abrindo Martingale 2: Par=EURUSD-OTC, Tipo=BINARY, Entrada=R$37.40, Direção=CALL
[2025-08-18 21:00:00] [ERRO] Erro na abertura da ordem para EURUSD-OTC. ID: Cannot purchase an option (the asset is not available at the moment).
[2025-08-18 21:00:00] [SOROS] LOSS no ciclo de Soros. Reiniciando para o Nível 0.
[2025-08-18 21:00:00] [INFO] Ativo EURUSD-OTC liberado para novas operações.
[2025-08-18 21:00:19] [INFO] Sinal do MT4 recebido: 'EURJPY M1 ENTRADA 21:01 POSSÍVEL COMPRA'
[2025-08-18 21:00:19] [INFO] Sinal ignorado (não é SUPER).
[2025-08-18 21:01:01] [INFO] Sinal do MT4 recebido: 'EURJPY M1 COMPRA'
[2025-08-18 21:01:01] [INFO] Sinal ignorado (não é SUPER).
[2025-08-18 21:01:52] [INFO] Sinal do MT4 recebido: 'TESTE DE CONEXAO MANUAL ENVIADO AS 03:01:51'
[2025-08-18 21:02:00] [STATUS] Sinal de TESTE MANUAL detectado. Gerando uma ordem de teste...
[2025-08-18 21:02:00] [INFO] SINAL VÁLIDO: Ativo=EURUSD-OTC, Timeframe=1M, Direção=CALL
[2025-08-18 21:02:00] [TRADE] Abrindo ordem: Par=EURUSD-OTC, Tipo=BINARY, Entrada=R$5.00, Direção=CALL
[2025-08-18 21:03:00] [WIN] Resultado: WIN | Lucro: R$4.35 | Saldo Parcial: R$-19.35
[2025-08-18 21:03:00] [SOROS] WIN no ciclo de Soros. Próximo nível: 1. Lucro acumulado no ciclo: R$4.35
[2025-08-18 21:03:00] [INFO] Ativo EURUSD-OTC liberado para novas operações.
[2025-08-18 21:03:00] [INFO] Sinal do MT4 recebido: 'TESTE DE CONEXAO MANUAL ENVIADO AS 03:01:57'
[2025-08-18 21:03:00] [STATUS] Sinal de TESTE MANUAL detectado. Gerando uma ordem de teste...
[2025-08-18 21:03:00] [INFO] SINAL VÁLIDO: Ativo=EURUSD-OTC, Timeframe=1M, Direção=CALL
[2025-08-18 21:03:00] [SOROS] Iniciando Mão de Soros Nível 1. Entrada = R$5.00 (inicial) + R$4.35 (lucro ciclo) = R$9.35
[2025-08-18 21:03:00] [TRADE] Abrindo ordem: Par=EURUSD-OTC, Tipo=BINARY, Entrada=R$9.35, Direção=CALL
[2025-08-18 21:04:00] [LOSS] Resultado: LOSS | Prejuízo: R$9.35 | Saldo Parcial: R$-28.70
[2025-08-18 21:04:00] [TRADE] Abrindo Martingale 1: Par=EURUSD-OTC, Tipo=BINARY, Entrada=R$18.70, Direção=CALL
[2025-08-18 21:05:00] [LOSS] Resultado: LOSS no gale 1 | Prejuízo: R$18.70 | Saldo Parcial: R$-47.40
[2025-08-18 21:05:00] [STOP] STOP LOSS ATINGIDO: R$-47.40
[2025-08-18 21:05:00] [SOROS] LOSS no ciclo de Soros. Reiniciando para o Nível 0.
[2025-08-18 21:05:00] [INFO] Ativo EURUSD-OTC liberado para novas operações.
