2025-08-20 19:05:23,540 - INFO - ==================================================
2025-08-20 19:05:23,540 - INFO - Logger profissional iniciado. A aplicação está começando.
2025-08-20 19:05:23,541 - INFO - ==================================================
2025-08-20 19:05:26,208 - INFO - Banco de dados de configuração vazio. Populando com valores padrão.
2025-08-20 19:05:31,835 - INFO - Configurações carregadas do banco de dados.
2025-08-20 19:05:31,835 - INFO - Carregando configurações do robô.
2025-08-20 19:05:31,837 - INFO - Iniciando conexão com a API IQ Option...
2025-08-20 19:05:32,913 - INFO - Websocket connected
2025-08-20 19:05:34,425 - INFO - Conexão com a IQ Option estabelecida com sucesso.
2025-08-20 19:05:34,428 - INFO - Buscando lista de ativos abertos na IQ Option.
2025-08-20 19:05:43,569 - INFO - 145 ativos abertos encontrados.
2025-08-20 19:10:00,859 - INFO - Conexão com a IQ Option finalizada.
2025-08-20 19:10:04,719 - INFO - Conexão com a IQ Option finalizada.
2025-08-20 19:10:04,762 - INFO - Aplicação finalizada.

2025-08-20 19:10:08,418 - INFO - ==================================================
2025-08-20 19:10:08,418 - INFO - Logger profissional iniciado. A aplicação está começando.
2025-08-20 19:10:08,419 - INFO - ==================================================
2025-08-20 19:10:12,090 - INFO - Configurações carregadas do banco de dados.
2025-08-20 19:10:12,090 - INFO - Carregando configurações do robô.
2025-08-20 19:10:12,093 - INFO - Iniciando conexão com a API IQ Option...
2025-08-20 19:10:13,035 - INFO - Websocket connected
2025-08-20 19:10:14,758 - INFO - Conexão com a IQ Option estabelecida com sucesso.
2025-08-20 19:10:14,765 - INFO - Buscando lista de ativos abertos na IQ Option.
2025-08-20 19:10:23,308 - INFO - 145 ativos abertos encontrados.
2025-08-20 19:17:29,565 - INFO - Conexão com a IQ Option finalizada.
2025-08-20 19:18:04,802 - INFO - ==================================================
2025-08-20 19:18:04,802 - INFO - Logger profissional iniciado. A aplicação está começando.
2025-08-20 19:18:04,803 - INFO - ==================================================
2025-08-20 19:18:08,410 - INFO - Configurações carregadas do banco de dados.
2025-08-20 19:18:08,410 - INFO - Carregando configurações do robô.
2025-08-20 19:18:08,412 - INFO - Iniciando conexão com a API IQ Option...
2025-08-20 19:18:09,586 - INFO - Websocket connected
2025-08-20 19:18:11,618 - INFO - Conexão com a IQ Option estabelecida com sucesso.
2025-08-20 19:18:11,623 - INFO - Buscando lista de ativos abertos na IQ Option.
2025-08-20 19:18:24,879 - INFO - 145 ativos abertos encontrados.
2025-08-20 19:30:02,620 - INFO - ORDEM ABERTA: Ativo=EURGBP-OTC, Direção=put, Valor=R$5.00, Gale=0
2025-08-20 19:31:00,536 - WARNING - RESULTADO: LOSS, Prejuízo=R$-5.00, Saldo Parcial=R$-5.00
2025-08-20 19:31:01,255 - INFO - ORDEM ABERTA: Ativo=EURGBP-OTC, Direção=put, Valor=R$10.50, Gale=1
2025-08-20 19:32:01,031 - WARNING - RESULTADO: LOSS, Prejuízo=R$-10.50, Saldo Parcial=R$-15.50
2025-08-20 19:34:04,558 - INFO - ORDEM ABERTA: Ativo=AUDCAD-OTC, Direção=call, Valor=R$5.00, Gale=0
2025-08-20 19:35:00,791 - WARNING - RESULTADO: LOSS, Prejuízo=R$-5.00, Saldo Parcial=R$-20.50
2025-08-20 19:35:01,317 - INFO - ORDEM ABERTA: Ativo=AUDCAD-OTC, Direção=call, Valor=R$10.50, Gale=1
2025-08-20 19:36:01,259 - INFO - RESULTADO: WIN, Lucro=R$+9.14, Saldo Parcial=R$-11.36
2025-08-20 19:38:59,906 - ERROR - Ordem rejeitada para EURUSD. Gale=0. Mensagem: Cannot purchase an option (active is suspended)
2025-08-20 19:39:05,806 - INFO - ORDEM ABERTA: Ativo=EURUSD-OTC, Direção=put, Valor=R$5.00, Gale=0
2025-08-20 19:40:01,066 - INFO - RESULTADO: WIN, Lucro=R$+4.35, Saldo Parcial=R$-7.01
2025-08-20 19:47:17,686 - INFO - Conexão com a IQ Option finalizada.
2025-08-20 19:47:24,200 - INFO - Conexão com a IQ Option finalizada.
2025-08-20 19:47:24,240 - INFO - Aplicação finalizada.

2025-08-20 19:47:28,117 - INFO - ==================================================
2025-08-20 19:47:28,117 - INFO - Logger profissional iniciado. A aplicação está começando.
2025-08-20 19:47:28,117 - INFO - ==================================================
2025-08-20 19:47:31,250 - INFO - Configurações carregadas do banco de dados.
2025-08-20 19:47:31,250 - INFO - Carregando configurações do robô.
2025-08-20 19:47:31,257 - INFO - Iniciando conexão com a API IQ Option...
2025-08-20 19:47:32,322 - INFO - Websocket connected
2025-08-20 19:47:34,440 - INFO - Conexão com a IQ Option estabelecida com sucesso.
2025-08-20 19:47:34,447 - INFO - Buscando lista de ativos abertos na IQ Option.
2025-08-20 19:47:43,083 - INFO - 145 ativos abertos encontrados.
2025-08-20 20:11:03,464 - INFO - ORDEM ABERTA: Ativo=EURGBP-OTC, Direção=put, Valor=R$5.00, Gale=0
2025-08-20 20:12:00,696 - WARNING - RESULTADO: LOSS, Prejuízo=R$-5.00, Saldo Parcial=R$-5.00
2025-08-20 20:12:01,168 - INFO - ORDEM ABERTA: Ativo=EURGBP-OTC, Direção=put, Valor=R$10.50, Gale=1
2025-08-20 20:13:00,695 - WARNING - RESULTADO: LOSS, Prejuízo=R$-10.50, Saldo Parcial=R$-15.50
2025-08-20 20:24:12,815 - INFO - ORDEM ABERTA: Ativo=EURUSD-OTC, Direção=put, Valor=R$5.00, Gale=0
2025-08-20 20:25:01,431 - WARNING - RESULTADO: LOSS, Prejuízo=R$-5.00, Saldo Parcial=R$-20.50
2025-08-20 20:25:01,886 - INFO - ORDEM ABERTA: Ativo=EURUSD-OTC, Direção=put, Valor=R$10.50, Gale=1
2025-08-20 20:26:00,535 - WARNING - RESULTADO: LOSS, Prejuízo=R$-10.50, Saldo Parcial=R$-31.00
2025-08-20 20:31:26,099 - INFO - ORDEM ABERTA: Ativo=EURUSD-OTC, Direção=put, Valor=R$5.00, Gale=0
2025-08-20 20:32:00,480 - WARNING - RESULTADO: LOSS, Prejuízo=R$-5.00, Saldo Parcial=R$-36.00
2025-08-20 20:32:01,251 - INFO - ORDEM ABERTA: Ativo=EURUSD-OTC, Direção=put, Valor=R$10.50, Gale=1
2025-08-20 20:33:01,208 - WARNING - RESULTADO: LOSS, Prejuízo=R$-10.50, Saldo Parcial=R$-46.50
2025-08-20 20:33:01,789 - INFO - ORDEM ABERTA: Ativo=EURUSD-OTC, Direção=put, Valor=R$5.00, Gale=0
2025-08-20 20:34:00,659 - INFO - RESULTADO: WIN, Lucro=R$+4.35, Saldo Parcial=R$-42.15
2025-08-20 20:34:01,164 - INFO - ORDEM ABERTA: Ativo=EURUSD-OTC, Direção=put, Valor=R$5.00, Gale=0
2025-08-20 20:34:11,457 - INFO - RESULTADO: WIN, Lucro=R$+4.35, Saldo Parcial=R$-37.80
2025-08-20 20:47:03,580 - INFO - ORDEM ABERTA: Ativo=EURUSD-OTC, Direção=call, Valor=R$5.00, Gale=0
2025-08-20 20:48:00,638 - INFO - RESULTADO: WIN, Lucro=R$+4.35, Saldo Parcial=R$-33.45
2025-08-20 20:48:03,506 - INFO - ORDEM ABERTA: Ativo=EURGBP-OTC, Direção=put, Valor=R$5.00, Gale=0
2025-08-20 20:49:00,772 - INFO - RESULTADO: WIN, Lucro=R$+4.35, Saldo Parcial=R$-29.10
2025-08-20 20:52:55,643 - INFO - Conexão com a IQ Option finalizada.
2025-08-20 20:53:01,639 - INFO - Conexão com a IQ Option finalizada.
2025-08-20 20:53:01,688 - INFO - Aplicação finalizada.

2025-08-20 20:53:12,377 - INFO - ==================================================
2025-08-20 20:53:12,377 - INFO - Logger profissional iniciado. A aplicação está começando.
2025-08-20 20:53:12,377 - INFO - ==================================================
2025-08-20 20:53:13,880 - WARNING - Ícone não encontrado: assets/icons/settings.png. Erro: [Errno 2] No such file or directory: 'assets/icons/settings.png'
2025-08-20 20:53:25,597 - INFO - Configurações carregadas do banco de dados.
2025-08-20 20:53:25,597 - INFO - Configurações carregadas na interface.
2025-08-20 20:54:22,991 - INFO - Configurações carregadas do banco de dados.
2025-08-20 20:56:00,066 - INFO - Configurações carregadas do banco de dados.
2025-08-20 21:00:12,495 - INFO - Aplicação finalizada.

2025-08-20 21:00:15,503 - INFO - ==================================================
2025-08-20 21:00:15,503 - INFO - Logger profissional iniciado. A aplicação está começando.
2025-08-20 21:00:15,503 - INFO - ==================================================
2025-08-20 21:00:17,048 - WARNING - Ícone não encontrado: assets/icons/settings.png. Erro: [Errno 2] No such file or directory: 'assets/icons/settings.png'
2025-08-20 21:00:27,266 - INFO - Configurações carregadas do banco de dados.
2025-08-20 21:00:27,266 - INFO - Carregando configurações do robô.
2025-08-20 21:00:27,268 - INFO - Iniciando conexão com a API IQ Option...
2025-08-20 21:00:28,366 - INFO - Websocket connected
2025-08-20 21:00:29,884 - INFO - Conexão com a IQ Option estabelecida com sucesso.
2025-08-20 21:00:29,887 - INFO - Buscando lista de ativos abertos na IQ Option.
2025-08-20 21:00:43,501 - INFO - 149 ativos abertos encontrados.
2025-08-20 21:01:00,940 - INFO - ORDEM ABERTA: Ativo=EURUSD-OTC, Direção=put, Valor=R$5.00, Gale=0
2025-08-20 21:02:00,765 - INFO - RESULTADO: WIN, Lucro=R$+4.35, Saldo Parcial=R$+4.35
2025-08-20 21:02:21,442 - INFO - ORDEM ABERTA: Ativo=EURUSD-OTC, Direção=put, Valor=R$5.00, Gale=0
2025-08-20 21:03:00,764 - WARNING - RESULTADO: LOSS, Prejuízo=R$-5.00, Saldo Parcial=R$-0.65
2025-08-20 21:03:01,179 - INFO - ORDEM ABERTA: Ativo=EURUSD-OTC, Direção=put, Valor=R$10.50, Gale=1
2025-08-20 21:04:01,066 - WARNING - RESULTADO: LOSS, Prejuízo=R$-10.50, Saldo Parcial=R$-11.15
2025-08-20 21:04:01,602 - INFO - ORDEM ABERTA: Ativo=EURUSD-OTC, Direção=put, Valor=R$5.00, Gale=0
2025-08-20 21:05:00,553 - WARNING - RESULTADO: LOSS, Prejuízo=R$-5.00, Saldo Parcial=R$-16.15
2025-08-20 21:05:01,039 - INFO - ORDEM ABERTA: Ativo=EURUSD-OTC, Direção=put, Valor=R$10.50, Gale=1
2025-08-20 21:06:00,464 - INFO - RESULTADO: WIN, Lucro=R$+9.14, Saldo Parcial=R$-7.01
2025-08-20 21:06:00,467 - WARNING - Não foi possível adicionar trade ao histórico: bad window path name ".!moderndashboardframe.!ctkframe3.!ctkframe.!tradehistorycard.!ctkframe.!canvas.!ctkscrollableframe"
2025-08-20 21:06:25,780 - INFO - Configurações carregadas do banco de dados.
2025-08-20 21:06:25,781 - INFO - Configurações carregadas na interface.
2025-08-20 21:06:30,684 - INFO - Configurações carregadas do banco de dados.
2025-08-20 21:06:30,684 - INFO - Configurações carregadas na interface.
2025-08-20 21:11:36,647 - INFO - Comando de desligamento recebido.
2025-08-20 21:11:40,659 - INFO - Conexão com a IQ Option finalizada.
2025-08-20 21:11:41,814 - INFO - Comando de desligamento recebido.
2025-08-20 21:11:41,814 - INFO - Conexão com a IQ Option finalizada.
2025-08-20 21:11:41,873 - INFO - Aplicação finalizada.

2025-08-20 21:11:46,303 - INFO - ==================================================
2025-08-20 21:11:46,303 - INFO - Logger profissional iniciado. A aplicação está começando.
2025-08-20 21:11:46,304 - INFO - ==================================================
2025-08-20 21:11:47,498 - WARNING - Ícone não encontrado: assets/icons/settings.png. Erro: [Errno 2] No such file or directory: 'assets/icons/settings.png'
2025-08-20 21:25:04,106 - INFO - Configurações carregadas do banco de dados.
2025-08-20 21:25:04,106 - INFO - Configurações carregadas na interface.
2025-08-20 21:26:46,512 - INFO - Comando de desligamento recebido.
2025-08-20 21:26:46,566 - INFO - Aplicação finalizada.

2025-08-20 21:27:21,854 - INFO - ==================================================
2025-08-20 21:27:21,854 - INFO - Logger profissional iniciado. A aplicação está começando.
2025-08-20 21:27:21,854 - INFO - ==================================================
2025-08-20 21:27:23,337 - WARNING - Ícone não encontrado: assets/icons/settings.png. Erro: [Errno 2] No such file or directory: 'assets/icons/settings.png'
2025-08-20 21:29:08,456 - INFO - Configurações carregadas do banco de dados.
2025-08-20 21:29:08,457 - INFO - Carregando configurações do robô.
2025-08-20 21:29:08,459 - INFO - Iniciando conexão com a API IQ Option...
2025-08-20 21:29:09,538 - INFO - Websocket connected
2025-08-20 21:29:11,523 - INFO - Conexão com a IQ Option estabelecida com sucesso.
2025-08-20 21:29:11,529 - INFO - Buscando lista de ativos abertos na IQ Option.
2025-08-20 21:29:19,554 - INFO - 149 ativos abertos encontrados.
2025-08-20 21:29:31,555 - INFO - ORDEM ABERTA: Ativo=EURUSD-OTC, Direção=put, Valor=R$5.00, Gale=0
2025-08-20 21:31:01,097 - INFO - RESULTADO: WIN, Lucro=R$+4.35, Saldo Parcial=R$+4.35
2025-08-20 21:36:31,776 - INFO - ORDEM ABERTA: Ativo=EURUSD-OTC, Direção=put, Valor=R$5.00, Gale=0
2025-08-20 21:38:01,259 - INFO - RESULTADO: WIN, Lucro=R$+4.35, Saldo Parcial=R$+8.70
2025-08-20 21:38:02,078 - INFO - ORDEM ABERTA: Ativo=EURUSD-OTC, Direção=put, Valor=R$5.00, Gale=0
2025-08-20 21:39:00,571 - INFO - RESULTADO: WIN, Lucro=R$+4.35, Saldo Parcial=R$+13.05
2025-08-20 21:39:01,565 - INFO - ORDEM ABERTA: Ativo=EURUSD-OTC, Direção=put, Valor=R$5.00, Gale=0
2025-08-20 21:40:01,497 - INFO - RESULTADO: WIN, Lucro=R$+4.35, Saldo Parcial=R$+17.40
2025-08-20 21:40:02,121 - INFO - ORDEM ABERTA: Ativo=EURUSD-OTC, Direção=put, Valor=R$5.00, Gale=0
2025-08-20 21:41:00,608 - INFO - RESULTADO: WIN, Lucro=R$+4.35, Saldo Parcial=R$+21.75
2025-08-20 21:41:01,218 - INFO - ORDEM ABERTA: Ativo=EURUSD-OTC, Direção=put, Valor=R$5.00, Gale=0
2025-08-20 21:42:01,538 - WARNING - RESULTADO: EMPATE, Prejuízo=R$0.00, Saldo Parcial=R$+21.75
2025-08-20 21:42:02,277 - INFO - ORDEM ABERTA: Ativo=EURUSD-OTC, Direção=put, Valor=R$10.50, Gale=1
2025-08-20 21:43:00,467 - WARNING - RESULTADO: LOSS, Prejuízo=R$-10.50, Saldo Parcial=R$+11.25
2025-08-20 21:43:01,233 - INFO - ORDEM ABERTA: Ativo=EURUSD-OTC, Direção=put, Valor=R$5.00, Gale=0
2025-08-20 21:43:30,077 - INFO - Comando de desligamento recebido.
2025-08-20 21:43:34,156 - INFO - Conexão com a IQ Option finalizada.
2025-08-20 21:43:40,979 - INFO - Comando de desligamento recebido.
2025-08-20 21:43:43,045 - INFO - Conexão com a IQ Option finalizada.
2025-08-20 21:44:11,504 - INFO - ==================================================
2025-08-20 21:44:11,504 - INFO - Logger profissional iniciado. A aplicação está começando.
2025-08-20 21:44:11,505 - INFO - ==================================================
2025-08-20 21:44:12,937 - WARNING - Ícone não encontrado: assets/icons/settings.png. Erro: [Errno 2] No such file or directory: 'assets/icons/settings.png'
2025-08-20 21:44:21,913 - INFO - Configurações carregadas do banco de dados.
2025-08-20 21:44:21,913 - INFO - Carregando configurações do robô.
2025-08-20 21:44:21,915 - INFO - Iniciando conexão com a API IQ Option...
2025-08-20 21:44:23,049 - INFO - Websocket connected
2025-08-20 21:44:24,804 - INFO - Conexão com a IQ Option estabelecida com sucesso.
2025-08-20 21:44:24,807 - INFO - Buscando lista de ativos abertos na IQ Option.
2025-08-20 21:44:39,269 - INFO - 149 ativos abertos encontrados.
2025-08-20 21:44:55,103 - INFO - ORDEM ABERTA: Ativo=EURUSD-OTC, Direção=put, Valor=R$5.00, Gale=0
2025-08-20 21:46:00,792 - WARNING - RESULTADO: LOSS, Prejuízo=R$-5.00, Saldo Parcial=R$-5.00
2025-08-20 21:46:01,471 - INFO - ORDEM ABERTA: Ativo=EURUSD-OTC, Direção=put, Valor=R$10.50, Gale=1
2025-08-20 21:47:00,412 - INFO - RESULTADO: WIN, Lucro=R$+9.14, Saldo Parcial=R$+4.14
2025-08-20 21:47:01,176 - INFO - ORDEM ABERTA: Ativo=EURUSD-OTC, Direção=put, Valor=R$5.00, Gale=0
2025-08-20 21:48:01,298 - WARNING - RESULTADO: LOSS, Prejuízo=R$-5.00, Saldo Parcial=R$-0.86
2025-08-20 21:48:01,723 - INFO - ORDEM ABERTA: Ativo=EURUSD-OTC, Direção=put, Valor=R$10.50, Gale=1
2025-08-20 21:49:00,525 - WARNING - RESULTADO: LOSS, Prejuízo=R$-10.50, Saldo Parcial=R$-11.36
2025-08-20 21:51:58,493 - INFO - Comando de desligamento recebido.
2025-08-20 21:52:02,506 - INFO - Conexão com a IQ Option finalizada.
2025-08-20 22:00:57,588 - INFO - Comando de desligamento recebido.
2025-08-20 22:00:57,588 - INFO - Conexão com a IQ Option finalizada.
2025-08-20 22:00:57,639 - INFO - Aplicação finalizada.

2025-08-20 22:01:11,280 - INFO - ==================================================
2025-08-20 22:01:11,280 - INFO - Logger profissional iniciado. A aplicação está começando.
2025-08-20 22:01:11,280 - INFO - ==================================================
2025-08-20 22:01:13,958 - WARNING - Ícone não encontrado: assets/icons/dashboard.png. Erro: [Errno 2] No such file or directory: 'assets/icons/dashboard.png'
2025-08-20 22:01:14,002 - WARNING - Ícone não encontrado: assets/icons/catalog.png. Erro: [Errno 2] No such file or directory: 'assets/icons/catalog.png'
2025-08-20 22:01:14,011 - WARNING - Ícone não encontrado: assets/icons/settings.png. Erro: [Errno 2] No such file or directory: 'assets/icons/settings.png'
2025-08-20 22:01:14,077 - INFO - Criando e armazenando todas as telas da interface.
2025-08-20 22:01:14,337 - INFO - Configurações carregadas do banco de dados.
2025-08-20 22:01:14,337 - INFO - Configurações carregadas na interface.
2025-08-20 22:03:51,365 - INFO - Comando de desligamento recebido.
2025-08-20 22:03:51,463 - INFO - Aplicação finalizada.

2025-08-20 22:03:57,591 - INFO - ==================================================
2025-08-20 22:03:57,591 - INFO - Logger profissional iniciado. A aplicação está começando.
2025-08-20 22:03:57,591 - INFO - ==================================================
2025-08-20 22:04:11,159 - WARNING - Ícone não encontrado: assets/icons/dashboard.png. Erro: [Errno 2] No such file or directory: 'assets/icons/dashboard.png'
2025-08-20 22:04:11,172 - WARNING - Ícone não encontrado: assets/icons/strategy.png. Erro: [Errno 2] No such file or directory: 'assets/icons/strategy.png'
2025-08-20 22:04:11,176 - WARNING - Ícone não encontrado: assets/icons/catalog.png. Erro: [Errno 2] No such file or directory: 'assets/icons/catalog.png'
2025-08-20 22:04:11,179 - WARNING - Ícone não encontrado: assets/icons/news.png. Erro: [Errno 2] No such file or directory: 'assets/icons/news.png'
2025-08-20 22:04:11,183 - WARNING - Ícone não encontrado: assets/icons/settings.png. Erro: [Errno 2] No such file or directory: 'assets/icons/settings.png'
2025-08-20 22:04:11,254 - INFO - Criando e armazenando todas as telas da interface.
2025-08-20 22:04:11,517 - INFO - Configurações carregadas do banco de dados.
2025-08-20 22:04:11,517 - INFO - Configurações carregadas na interface.
2025-08-20 22:19:47,332 - INFO - Configurações carregadas do banco de dados.
2025-08-20 22:19:47,333 - INFO - Carregando configurações do robô.
2025-08-20 22:19:47,336 - INFO - Iniciando conexão com a API IQ Option...
2025-08-20 22:19:48,609 - INFO - Websocket connected
2025-08-20 22:19:50,374 - INFO - Conexão com a IQ Option estabelecida com sucesso.
2025-08-20 22:19:50,379 - INFO - Buscando lista de ativos abertos na IQ Option.
2025-08-20 22:19:57,485 - INFO - 130 ativos abertos encontrados.
2025-08-20 22:36:11,466 - INFO - Comando de desligamento recebido.
2025-08-20 22:36:15,490 - INFO - Conexão com a IQ Option finalizada.
2025-08-20 22:36:17,855 - INFO - Comando de desligamento recebido.
2025-08-20 22:36:19,870 - INFO - Conexão com a IQ Option finalizada.
2025-08-20 22:36:19,979 - INFO - Aplicação finalizada.

2025-08-20 22:37:54,904 - INFO - ==================================================
2025-08-20 22:37:54,904 - INFO - Logger profissional iniciado. A aplicação está começando.
2025-08-20 22:37:54,904 - INFO - ==================================================
2025-08-20 22:37:56,382 - WARNING - Ícone não encontrado: assets/icons/dashboard.png. Erro: [Errno 2] No such file or directory: 'assets/icons/dashboard.png'
2025-08-20 22:37:56,396 - WARNING - Ícone não encontrado: assets/icons/strategy.png. Erro: [Errno 2] No such file or directory: 'assets/icons/strategy.png'
2025-08-20 22:37:56,399 - WARNING - Ícone não encontrado: assets/icons/catalog.png. Erro: [Errno 2] No such file or directory: 'assets/icons/catalog.png'
2025-08-20 22:37:56,402 - WARNING - Ícone não encontrado: assets/icons/news.png. Erro: [Errno 2] No such file or directory: 'assets/icons/news.png'
2025-08-20 22:37:56,405 - WARNING - Ícone não encontrado: assets/icons/settings.png. Erro: [Errno 2] No such file or directory: 'assets/icons/settings.png'
2025-08-20 22:37:56,473 - INFO - Criando e armazenando todas as telas da interface.
2025-08-20 22:37:56,806 - INFO - Configurações carregadas do banco de dados.
2025-08-20 22:37:56,807 - INFO - Configurações carregadas na interface.
2025-08-20 22:47:32,537 - INFO - Comando de desligamento recebido.
2025-08-20 22:47:32,742 - INFO - Aplicação finalizada.

2025-08-20 22:47:36,012 - INFO - ==================================================
2025-08-20 22:47:36,012 - INFO - Logger profissional iniciado. A aplicação está começando.
2025-08-20 22:47:36,012 - INFO - ==================================================
2025-08-20 22:47:37,161 - WARNING - Ícone não encontrado: assets/icons/dashboard.png. Erro: [Errno 2] No such file or directory: 'assets/icons/dashboard.png'
2025-08-20 22:47:37,173 - WARNING - Ícone não encontrado: assets/icons/strategy.png. Erro: [Errno 2] No such file or directory: 'assets/icons/strategy.png'
2025-08-20 22:47:37,176 - WARNING - Ícone não encontrado: assets/icons/catalog.png. Erro: [Errno 2] No such file or directory: 'assets/icons/catalog.png'
2025-08-20 22:47:37,179 - WARNING - Ícone não encontrado: assets/icons/news.png. Erro: [Errno 2] No such file or directory: 'assets/icons/news.png'
2025-08-20 22:47:37,182 - WARNING - Ícone não encontrado: assets/icons/settings.png. Erro: [Errno 2] No such file or directory: 'assets/icons/settings.png'
2025-08-20 22:47:37,246 - INFO - Criando e armazenando todas as telas da interface.
2025-08-20 22:47:37,560 - INFO - Configurações carregadas do banco de dados.
2025-08-20 22:47:37,561 - INFO - Configurações carregadas na interface.
2025-08-20 22:50:31,089 - INFO - Configurações carregadas do banco de dados.
2025-08-20 22:50:31,089 - INFO - Carregando configurações do robô.
2025-08-20 22:50:31,095 - INFO - Iniciando conexão com a API IQ Option...
2025-08-20 22:50:32,171 - INFO - Websocket connected
2025-08-20 22:50:33,516 - INFO - Conexão com a IQ Option estabelecida com sucesso.
2025-08-20 22:50:33,522 - INFO - Buscando lista de ativos abertos na IQ Option.
2025-08-20 22:50:39,679 - INFO - 152 ativos abertos encontrados.
2025-08-20 22:50:39,679 - INFO - Iniciando busca por notícias econômicas do dia...
2025-08-20 22:50:40,998 - INFO - 22 notícias de impacto encontradas.
2025-08-20 22:50:44,397 - INFO - Comando de desligamento recebido.
2025-08-20 22:50:48,426 - INFO - Conexão com a IQ Option finalizada.
2025-08-20 22:51:02,478 - INFO - Configurações carregadas do banco de dados.
2025-08-20 22:51:02,478 - INFO - Carregando configurações do robô.
2025-08-20 22:51:02,481 - INFO - Iniciando conexão com a API IQ Option...
2025-08-20 22:51:03,387 - INFO - Websocket connected
2025-08-20 22:51:03,919 - INFO - Conexão com a IQ Option estabelecida com sucesso.
2025-08-20 22:51:03,925 - INFO - Buscando lista de ativos abertos na IQ Option.
2025-08-20 22:51:10,443 - INFO - 152 ativos abertos encontrados.
2025-08-20 22:51:10,443 - INFO - Iniciando busca por notícias econômicas do dia...
2025-08-20 22:51:12,956 - INFO - 22 notícias de impacto encontradas.
2025-08-20 22:51:55,117 - INFO - Comando de desligamento recebido.
2025-08-20 22:51:57,120 - INFO - Conexão com a IQ Option finalizada.
2025-08-20 22:52:04,387 - INFO - Configurações carregadas do banco de dados.
2025-08-20 22:52:04,387 - INFO - Carregando configurações do robô.
2025-08-20 22:52:04,390 - INFO - Iniciando conexão com a API IQ Option...
2025-08-20 22:52:05,393 - INFO - Websocket connected
2025-08-20 22:52:06,094 - INFO - Conexão com a IQ Option estabelecida com sucesso.
2025-08-20 22:52:06,106 - INFO - Buscando lista de ativos abertos na IQ Option.
2025-08-20 22:52:11,722 - INFO - 152 ativos abertos encontrados.
2025-08-20 22:52:11,723 - INFO - Iniciando busca por notícias econômicas do dia...
2025-08-20 22:52:14,117 - INFO - 22 notícias de impacto encontradas.
2025-08-20 23:11:56,677 - INFO - Comando de desligamento recebido.
2025-08-20 23:11:58,691 - INFO - Conexão com a IQ Option finalizada.
2025-08-20 23:12:00,091 - INFO - Comando de desligamento recebido.
2025-08-20 23:12:02,093 - INFO - Conexão com a IQ Option finalizada.
2025-08-20 23:12:02,333 - INFO - Aplicação finalizada.

2025-08-20 23:12:05,508 - INFO - ==================================================
2025-08-20 23:12:05,509 - INFO - Logger profissional iniciado. A aplicação está começando.
2025-08-20 23:12:05,509 - INFO - ==================================================
2025-08-20 23:12:06,773 - WARNING - Ícone não encontrado: assets/icons/dashboard.png. Erro: [Errno 2] No such file or directory: 'assets/icons/dashboard.png'
2025-08-20 23:12:06,787 - WARNING - Ícone não encontrado: assets/icons/strategy.png. Erro: [Errno 2] No such file or directory: 'assets/icons/strategy.png'
2025-08-20 23:12:06,792 - WARNING - Ícone não encontrado: assets/icons/lista.png. Erro: [Errno 2] No such file or directory: 'assets/icons/lista.png'
2025-08-20 23:12:06,795 - WARNING - Ícone não encontrado: assets/icons/catalog.png. Erro: [Errno 2] No such file or directory: 'assets/icons/catalog.png'
2025-08-20 23:12:06,798 - WARNING - Ícone não encontrado: assets/icons/news.png. Erro: [Errno 2] No such file or directory: 'assets/icons/news.png'
2025-08-20 23:12:06,801 - WARNING - Ícone não encontrado: assets/icons/settings.png. Erro: [Errno 2] No such file or directory: 'assets/icons/settings.png'
2025-08-20 23:12:06,886 - INFO - Configurações carregadas do banco de dados.
2025-08-20 23:12:06,886 - INFO - Carregando configurações do robô.
2025-08-20 23:12:07,125 - INFO - Iniciando conexão com a API IQ Option...
2025-08-20 23:12:08,262 - INFO - Websocket connected
2025-08-20 23:12:09,993 - INFO - Conexão com a IQ Option estabelecida com sucesso.
2025-08-20 23:12:10,001 - INFO - Buscando lista de ativos abertos na IQ Option.
2025-08-20 23:12:18,151 - INFO - Iniciando busca por notícias econômicas do dia...
2025-08-20 23:12:19,547 - INFO - 22 notícias de impacto encontradas.
2025-08-20 23:12:21,632 - INFO - Aplicação finalizada.

2025-08-20 23:13:35,606 - INFO - ==================================================
2025-08-20 23:13:35,606 - INFO - Logger profissional iniciado. A aplicação está começando.
2025-08-20 23:13:35,606 - INFO - ==================================================
2025-08-20 23:13:37,044 - WARNING - Ícone não encontrado: assets/icons/dashboard.png. Erro: [Errno 2] No such file or directory: 'assets/icons/dashboard.png'
2025-08-20 23:13:37,062 - WARNING - Ícone não encontrado: assets/icons/strategy.png. Erro: [Errno 2] No such file or directory: 'assets/icons/strategy.png'
2025-08-20 23:13:37,066 - WARNING - Ícone não encontrado: assets/icons/lista.png. Erro: [Errno 2] No such file or directory: 'assets/icons/lista.png'
2025-08-20 23:13:37,070 - WARNING - Ícone não encontrado: assets/icons/catalog.png. Erro: [Errno 2] No such file or directory: 'assets/icons/catalog.png'
2025-08-20 23:13:37,074 - WARNING - Ícone não encontrado: assets/icons/news.png. Erro: [Errno 2] No such file or directory: 'assets/icons/news.png'
2025-08-20 23:13:37,077 - WARNING - Ícone não encontrado: assets/icons/settings.png. Erro: [Errno 2] No such file or directory: 'assets/icons/settings.png'
2025-08-20 23:13:37,163 - INFO - Configurações carregadas do banco de dados.
2025-08-20 23:13:37,164 - INFO - Carregando configurações do robô.
2025-08-20 23:13:37,603 - INFO - Configurações carregadas do banco de dados.
2025-08-20 23:13:37,605 - INFO - Configurações carregadas na interface.
2025-08-20 23:13:37,791 - INFO - Iniciando conexão com a API IQ Option...
2025-08-20 23:13:39,139 - INFO - Websocket connected
2025-08-20 23:13:41,546 - INFO - Conexão com a IQ Option estabelecida com sucesso.
2025-08-20 23:13:41,550 - INFO - Buscando lista de ativos abertos na IQ Option.
2025-08-20 23:13:51,151 - INFO - Iniciando busca por notícias econômicas do dia...
2025-08-20 23:13:53,157 - INFO - 22 notícias de impacto encontradas.
2025-08-20 23:23:51,140 - INFO - Comando de desligamento completo recebido.
2025-08-20 23:23:53,145 - INFO - Conexão com a IQ Option finalizada.
2025-08-20 23:23:53,390 - INFO - Aplicação finalizada.

2025-08-20 23:23:56,583 - INFO - ==================================================
2025-08-20 23:23:56,583 - INFO - Logger profissional iniciado. A aplicação está começando.
2025-08-20 23:23:56,583 - INFO - ==================================================
2025-08-20 23:23:57,672 - WARNING - Ícone não encontrado: assets/icons/dashboard.png. Erro: [Errno 2] No such file or directory: 'assets/icons/dashboard.png'
2025-08-20 23:23:57,687 - WARNING - Ícone não encontrado: assets/icons/strategy.png. Erro: [Errno 2] No such file or directory: 'assets/icons/strategy.png'
2025-08-20 23:23:57,691 - WARNING - Ícone não encontrado: assets/icons/lista.png. Erro: [Errno 2] No such file or directory: 'assets/icons/lista.png'
2025-08-20 23:23:57,694 - WARNING - Ícone não encontrado: assets/icons/catalog.png. Erro: [Errno 2] No such file or directory: 'assets/icons/catalog.png'
2025-08-20 23:23:57,696 - WARNING - Ícone não encontrado: assets/icons/news.png. Erro: [Errno 2] No such file or directory: 'assets/icons/news.png'
2025-08-20 23:23:57,700 - WARNING - Ícone não encontrado: assets/icons/settings.png. Erro: [Errno 2] No such file or directory: 'assets/icons/settings.png'
2025-08-20 23:23:57,771 - INFO - Configurações carregadas do banco de dados.
2025-08-20 23:23:57,771 - INFO - Carregando configurações do robô.
2025-08-20 23:23:58,121 - INFO - Configurações carregadas do banco de dados.
2025-08-20 23:23:58,122 - INFO - Configurações carregadas na interface.
2025-08-20 23:23:58,642 - INFO - Iniciando conexão com a API IQ Option...
2025-08-20 23:23:59,981 - INFO - Websocket connected
2025-08-20 23:24:02,347 - INFO - Conexão com a IQ Option estabelecida com sucesso.
2025-08-20 23:24:02,351 - INFO - Buscando lista de ativos abertos na IQ Option.
2025-08-20 23:24:08,751 - INFO - Iniciando busca por notícias econômicas do dia...
2025-08-20 23:24:10,126 - INFO - 22 notícias de impacto encontradas.
2025-08-20 23:26:16,938 - INFO - Configuração salva: valor_entrada = 15
2025-08-20 23:26:16,938 - INFO - Configuração salva: stop_win = 100
2025-08-20 23:26:16,938 - INFO - Configuração salva: stop_loss = 100
2025-08-20 23:26:16,939 - INFO - Configuração salva: niveis_martingale = 1
2025-08-20 23:26:16,939 - INFO - Configuração salva: fator_martingale = 2.1
2025-08-20 23:26:16,939 - INFO - Configuração salva: minutos_antes_noticia = 15
2025-08-20 23:26:16,939 - INFO - Configuração salva: minutos_depois_noticia = 15
2025-08-20 23:26:16,939 - INFO - Configuração salva: usar_martingale = S
2025-08-20 23:26:16,939 - INFO - Configuração salva: usar_filtro_noticias = S
2025-08-20 23:26:32,297 - INFO - Loop da lista de sinais iniciado.
2025-08-20 23:28:00,922 - INFO - Executando sinal: {'id': '0e69f32e-496a-49b9-a850-aab02737bc1e', 'time': '23:28', 'asset': 'EURUSD-OTC', 'action': 'call', 'status': 'pending'}
2025-08-20 23:28:01,347 - INFO - ORDEM ABERTA: Ativo=EURUSD-OTC, ID=12984532607, Gale=0
2025-08-20 23:29:01,219 - WARNING - RESULTADO: LOSS, Prejuízo=R$-5.00
2025-08-20 23:29:01,858 - INFO - ORDEM ABERTA: Ativo=EURUSD-OTC, ID=12984535737, Gale=1
2025-08-20 23:30:02,012 - WARNING - RESULTADO: LOSS, Prejuízo=R$-10.50
2025-08-20 23:30:03,134 - INFO - Executando sinal: {'id': 'c044e628-b2ec-4dc6-9d7c-26c48c62dfb1', 'time': '23:30', 'asset': 'AUDCAD-OTC', 'action': 'put', 'status': 'pending'}
2025-08-20 23:30:03,604 - INFO - ORDEM ABERTA: Ativo=AUDCAD-OTC, ID=12984538877, Gale=0
2025-08-20 23:31:00,840 - INFO - RESULTADO: WIN, Lucro=R$+4.35
2025-08-20 23:33:00,761 - INFO - Executando sinal: {'id': 'abe5dee8-c1c8-4ff6-a467-b93df659b416', 'time': '23:33', 'asset': 'GBPUSD-OTC', 'action': 'call', 'status': 'pending'}
2025-08-20 23:33:01,539 - INFO - ORDEM ABERTA: Ativo=GBPUSD-OTC, ID=12984549174, Gale=0
2025-08-20 23:34:00,416 - INFO - RESULTADO: WIN, Lucro=R$+4.35
2025-08-20 23:34:01,429 - INFO - Loop da lista de sinais finalizado.
2025-08-20 23:34:13,174 - INFO - Comando de desligamento completo recebido.
2025-08-20 23:34:15,186 - INFO - Conexão com a IQ Option finalizada.
2025-08-20 23:34:15,413 - INFO - Aplicação finalizada.

2025-08-20 23:34:19,387 - INFO - ==================================================
2025-08-20 23:34:19,387 - INFO - Logger profissional iniciado. A aplicação está começando.
2025-08-20 23:34:19,387 - INFO - ==================================================
2025-08-20 23:34:20,790 - WARNING - Ícone não encontrado: assets/icons/dashboard.png. Erro: [Errno 2] No such file or directory: 'assets/icons/dashboard.png'
2025-08-20 23:34:20,807 - WARNING - Ícone não encontrado: assets/icons/strategy.png. Erro: [Errno 2] No such file or directory: 'assets/icons/strategy.png'
2025-08-20 23:34:20,811 - WARNING - Ícone não encontrado: assets/icons/lista.png. Erro: [Errno 2] No such file or directory: 'assets/icons/lista.png'
2025-08-20 23:34:20,816 - WARNING - Ícone não encontrado: assets/icons/catalog.png. Erro: [Errno 2] No such file or directory: 'assets/icons/catalog.png'
2025-08-20 23:34:20,821 - WARNING - Ícone não encontrado: assets/icons/news.png. Erro: [Errno 2] No such file or directory: 'assets/icons/news.png'
2025-08-20 23:34:20,827 - WARNING - Ícone não encontrado: assets/icons/settings.png. Erro: [Errno 2] No such file or directory: 'assets/icons/settings.png'
2025-08-20 23:34:20,919 - INFO - Configurações carregadas do banco de dados.
2025-08-20 23:34:20,919 - INFO - Carregando configurações do robô.
2025-08-20 23:34:21,304 - INFO - Configurações carregadas do banco de dados.
2025-08-20 23:34:21,305 - INFO - Configurações carregadas na interface.
2025-08-20 23:34:21,969 - INFO - Iniciando conexão com a API IQ Option...
2025-08-20 23:34:23,229 - INFO - Websocket connected
2025-08-20 23:34:24,737 - INFO - Conexão com a IQ Option estabelecida com sucesso.
2025-08-20 23:34:24,740 - INFO - Buscando lista de ativos abertos na IQ Option.
2025-08-20 23:34:31,269 - INFO - Iniciando busca por notícias econômicas do dia...
2025-08-20 23:34:37,190 - INFO - 22 notícias de impacto encontradas.
2025-08-20 23:34:50,961 - INFO - Loop da lista de sinais iniciado.
2025-08-20 23:35:00,034 - INFO - Executando sinal: {'id': '7d9d123e-bdbb-4047-bc11-aedb6dcdac7c', 'time': '23:35', 'asset': 'USDJPY-OTC', 'action': 'put', 'status': 'pending'}
2025-08-20 23:35:00,906 - INFO - ORDEM ABERTA: Ativo=USDJPY-OTC, ID=12984554935, Gale=0
2025-08-20 23:36:01,500 - INFO - RESULTADO: WIN, Lucro=R$+12.90, Saldo Parcial=R$+12.90
2025-08-20 23:38:00,483 - INFO - Executando sinal: {'id': 'e548491c-ff53-48e5-8fdf-f76a561d9ac9', 'time': '23:38', 'asset': 'GBPJPY-OTC', 'action': 'call', 'status': 'pending'}
2025-08-20 23:38:01,466 - INFO - ORDEM ABERTA: Ativo=GBPJPY-OTC, ID=12984563563, Gale=0
2025-08-20 23:39:00,461 - WARNING - RESULTADO: LOSS, Prejuízo=R$-15.00, Saldo Parcial=R$-2.10
2025-08-20 23:39:01,615 - INFO - ORDEM ABERTA: Ativo=GBPJPY-OTC, ID=12984566873, Gale=1
2025-08-20 23:40:00,534 - WARNING - RESULTADO: LOSS, Prejuízo=R$-31.50, Saldo Parcial=R$-33.60
2025-08-20 23:41:00,031 - INFO - Executando sinal: {'id': '6d8e5277-4ef3-436e-a1e5-639e966c197b', 'time': '23:41', 'asset': 'EURJPY-OTC', 'action': 'put', 'status': 'pending'}
2025-08-20 23:44:00,985 - INFO - Executando sinal: {'id': 'b79dc463-bfc5-438c-8a8b-97bf3bda3525', 'time': '23:44', 'asset': 'NZDUSD-OTC', 'action': 'call', 'status': 'pending'}
2025-08-20 23:47:00,876 - INFO - Executando sinal: {'id': '37c87b41-a79d-4d5c-96ad-154c65b502b7', 'time': '23:47', 'asset': 'EURUSD-OTC', 'action': 'put', 'status': 'pending'}
2025-08-20 23:47:01,330 - INFO - ORDEM ABERTA: Ativo=EURUSD-OTC, ID=12984591226, Gale=0
2025-08-20 23:48:00,515 - WARNING - RESULTADO: LOSS, Prejuízo=R$-15.00, Saldo Parcial=R$-48.60
2025-08-20 23:48:00,935 - INFO - ORDEM ABERTA: Ativo=EURUSD-OTC, ID=12984594079, Gale=1
2025-08-20 23:49:00,274 - INFO - RESULTADO: WIN, Lucro=R$+27.41, Saldo Parcial=R$-21.19
2025-08-20 23:50:00,770 - INFO - Executando sinal: {'id': '088a23e4-8802-4fba-a9c2-fe16b4809f89', 'time': '23:50', 'asset': 'AUDCAD-OTC', 'action': 'call', 'status': 'pending'}
2025-08-20 23:50:01,425 - INFO - ORDEM ABERTA: Ativo=AUDCAD-OTC, ID=12984599793, Gale=0
2025-08-20 23:51:00,480 - INFO - RESULTADO: WIN, Lucro=R$+13.05, Saldo Parcial=R$-8.14
2025-08-20 23:52:00,945 - INFO - Executando sinal: {'id': '258ca295-5286-4c2e-aeac-8b1c86cb1961', 'time': '23:52', 'asset': 'GBPUSD-OTC', 'action': 'put', 'status': 'pending'}
2025-08-20 23:52:01,432 - INFO - ORDEM ABERTA: Ativo=GBPUSD-OTC, ID=12984605597, Gale=0
2025-08-20 23:53:00,363 - WARNING - RESULTADO: LOSS, Prejuízo=R$-15.00, Saldo Parcial=R$-23.14
2025-08-20 23:53:00,921 - INFO - ORDEM ABERTA: Ativo=GBPUSD-OTC, ID=12984608196, Gale=1
2025-08-20 23:54:00,880 - WARNING - RESULTADO: LOSS, Prejuízo=R$-31.50, Saldo Parcial=R$-54.64
2025-08-20 23:57:04,468 - INFO - Loop da lista de sinais finalizado.
2025-08-21 00:02:39,162 - ERROR - Connection to remote host was lost.
2025-08-21 00:02:39,162 - ERROR - Connection to remote host was lost. - goodbye
2025-08-21 00:02:39,162 - ERROR - error from callback <function WebsocketClient.on_close at 0x000001ED140532E0>: WebsocketClient.on_close() takes 1 positional argument but 3 were given
2025-08-21 00:02:39,163 - ERROR - WebsocketClient.on_close() takes 1 positional argument but 3 were given
2025-08-21 00:03:32,424 - INFO - Comando de desligamento completo recebido.
2025-08-21 00:03:34,436 - INFO - Conexão com a IQ Option finalizada.
2025-08-21 00:03:35,174 - INFO - Aplicação finalizada.

2025-08-23 16:12:32,435 - INFO - ==================================================
2025-08-23 16:12:32,436 - INFO - Logger profissional iniciado. A aplicação está começando.
2025-08-23 16:12:32,436 - INFO - ==================================================
2025-08-23 16:12:38,101 - WARNING - Ícone não encontrado: assets/icons/dashboard.png. Erro: [Errno 2] No such file or directory: 'assets/icons/dashboard.png'
2025-08-23 16:12:38,118 - WARNING - Ícone não encontrado: assets/icons/strategy.png. Erro: [Errno 2] No such file or directory: 'assets/icons/strategy.png'
2025-08-23 16:12:38,123 - WARNING - Ícone não encontrado: assets/icons/lista.png. Erro: [Errno 2] No such file or directory: 'assets/icons/lista.png'
2025-08-23 16:12:38,128 - WARNING - Ícone não encontrado: assets/icons/catalog.png. Erro: [Errno 2] No such file or directory: 'assets/icons/catalog.png'
2025-08-23 16:12:38,132 - WARNING - Ícone não encontrado: assets/icons/news.png. Erro: [Errno 2] No such file or directory: 'assets/icons/news.png'
2025-08-23 16:12:38,137 - WARNING - Ícone não encontrado: assets/icons/settings.png. Erro: [Errno 2] No such file or directory: 'assets/icons/settings.png'
2025-08-23 16:12:38,233 - INFO - Configurações carregadas do banco de dados.
2025-08-23 16:12:38,233 - INFO - Carregando configurações do robô.
2025-08-23 16:12:38,697 - INFO - Configurações carregadas do banco de dados.
2025-08-23 16:12:38,699 - INFO - Configurações carregadas na interface.
2025-08-23 16:12:38,860 - INFO - Iniciando conexão com a API IQ Option...
2025-08-23 16:12:40,226 - INFO - Websocket connected
2025-08-23 16:12:41,787 - INFO - Conexão com a IQ Option estabelecida com sucesso.
2025-08-23 16:12:41,791 - INFO - Buscando lista de ativos abertos na IQ Option.
2025-08-23 16:12:50,035 - INFO - Iniciando busca por notícias econômicas do dia...
2025-08-23 16:12:51,363 - INFO - 2 notícias de impacto encontradas.
2025-08-23 16:22:48,284 - INFO - Configuração salva: valor_entrada = 15
2025-08-23 16:22:48,284 - INFO - Configuração salva: stop_win = 100
2025-08-23 16:22:48,284 - INFO - Configuração salva: stop_loss = 100
2025-08-23 16:22:48,285 - INFO - Configuração salva: niveis_martingale = 1
2025-08-23 16:22:48,285 - INFO - Configuração salva: fator_martingale = 2.1
2025-08-23 16:22:48,285 - INFO - Configuração salva: minutos_antes_noticia = 15
2025-08-23 16:22:48,285 - INFO - Configuração salva: minutos_depois_noticia = 15
2025-08-23 16:22:48,286 - INFO - Configuração salva: usar_martingale = S
2025-08-23 16:22:48,286 - INFO - Configuração salva: usar_filtro_noticias = S
2025-08-23 16:51:03,338 - CRITICAL - ERRO CRÍTICO em executar_trade para o ativo TRUMPC-OTC
Traceback (most recent call last):
  File "C:\Users\willi\OneDrive\Desktop\SyncMT4\V3\bot\bot_core.py", line 243, in executar_trade
    check, trade_id = self.api.buy(entrada, ativo, direcao, timeframe)
  File "C:\Users\willi\OneDrive\Desktop\SyncMT4\V3\iqoptionapi\stable_api.py", line 913, in buy
    float(price), OP_code.ACTIVES[ACTIVES], str(ACTION), int(expirations), req_id)
KeyError: 'TRUMPC-OTC'
2025-08-23 16:56:03,850 - INFO - ORDEM ABERTA: Ativo=AUDCAD-OTC, ID=12994157909, Gale=0
2025-08-23 16:57:01,138 - INFO - RESULTADO: WIN, Lucro=R$+13.05, Saldo Parcial=R$+13.05
2025-08-23 17:15:04,569 - INFO - ORDEM ABERTA: Ativo=AUDCAD-OTC, ID=12994203906, Gale=0
2025-08-23 17:16:01,191 - WARNING - RESULTADO: LOSS, Prejuízo=R$-15.00, Saldo Parcial=R$-1.95
2025-08-23 17:16:01,634 - INFO - ORDEM ABERTA: Ativo=AUDCAD-OTC, ID=12994206086, Gale=1
2025-08-23 17:17:01,437 - INFO - RESULTADO: WIN, Lucro=R$+27.41, Saldo Parcial=R$+25.46
2025-08-23 17:17:03,785 - INFO - ORDEM ABERTA: Ativo=EURUSD-OTC, ID=12994208969, Gale=0
2025-08-23 17:18:01,238 - INFO - RESULTADO: WIN, Lucro=R$+13.05, Saldo Parcial=R$+38.51
2025-08-23 17:22:28,650 - ERROR - Connection to remote host was lost.
2025-08-23 17:22:28,650 - ERROR - Connection to remote host was lost. - goodbye
2025-08-23 17:22:28,650 - ERROR - error from callback <function WebsocketClient.on_close at 0x000002AB89523370>: WebsocketClient.on_close() takes 1 positional argument but 3 were given
2025-08-23 17:22:28,650 - ERROR - WebsocketClient.on_close() takes 1 positional argument but 3 were given
2025-08-23 17:23:02,917 - CRITICAL - ERRO CRÍTICO em executar_trade para o ativo AUDCAD-OTC
Traceback (most recent call last):
  File "C:\Users\willi\OneDrive\Desktop\SyncMT4\V3\bot\bot_core.py", line 243, in executar_trade
    check, trade_id = self.api.buy(entrada, ativo, direcao, timeframe)
  File "C:\Users\willi\OneDrive\Desktop\SyncMT4\V3\iqoptionapi\stable_api.py", line 912, in buy
    self.api.buyv3(
  File "C:\Users\willi\OneDrive\Desktop\SyncMT4\V3\iqoptionapi\ws\chanels\buyv3.py", line 34, in __call__
    self.send_websocket_request(self.name, data, str(request_id))
  File "C:\Users\willi\OneDrive\Desktop\SyncMT4\V3\iqoptionapi\ws\chanels\base.py", line 25, in send_websocket_request
    return self.api.send_websocket_request(name, msg,request_id)
  File "C:\Users\willi\OneDrive\Desktop\SyncMT4\V3\iqoptionapi\api.py", line 277, in send_websocket_request
    self.websocket.send(data)
  File "C:\Users\willi\AppData\Roaming\Python\Python310\site-packages\websocket\_app.py", line 240, in send
    raise WebSocketConnectionClosedException(
websocket._exceptions.WebSocketConnectionClosedException: Connection is already closed.
2025-08-23 18:11:15,055 - INFO - Comando de desligamento completo recebido.
2025-08-23 18:11:17,099 - INFO - Conexão com a IQ Option finalizada.
2025-08-23 18:11:26,289 - INFO - Aplicação finalizada.

2025-08-23 18:11:36,894 - INFO - ==================================================
2025-08-23 18:11:36,894 - INFO - Logger profissional iniciado. A aplicação está começando.
2025-08-23 18:11:36,894 - INFO - ==================================================
2025-08-23 18:11:44,997 - WARNING - Ícone não encontrado: assets/icons/dashboard.png. Erro: [Errno 2] No such file or directory: 'assets/icons/dashboard.png'
2025-08-23 18:11:45,013 - WARNING - Ícone não encontrado: assets/icons/strategy.png. Erro: [Errno 2] No such file or directory: 'assets/icons/strategy.png'
2025-08-23 18:11:45,017 - WARNING - Ícone não encontrado: assets/icons/lista.png. Erro: [Errno 2] No such file or directory: 'assets/icons/lista.png'
2025-08-23 18:11:45,020 - WARNING - Ícone não encontrado: assets/icons/catalog.png. Erro: [Errno 2] No such file or directory: 'assets/icons/catalog.png'
2025-08-23 18:11:45,023 - WARNING - Ícone não encontrado: assets/icons/news.png. Erro: [Errno 2] No such file or directory: 'assets/icons/news.png'
2025-08-23 18:11:45,027 - WARNING - Ícone não encontrado: assets/icons/settings.png. Erro: [Errno 2] No such file or directory: 'assets/icons/settings.png'
2025-08-23 18:11:45,097 - INFO - Configurações carregadas do banco de dados.
2025-08-23 18:11:45,097 - INFO - Carregando configurações do robô.
2025-08-23 18:11:45,473 - INFO - Configurações carregadas do banco de dados.
2025-08-23 18:11:45,474 - INFO - Configurações carregadas na interface.
2025-08-23 18:11:46,085 - INFO - Iniciando conexão com a API IQ Option...
2025-08-23 18:11:47,400 - INFO - Websocket connected
2025-08-23 18:11:49,186 - INFO - Conexão com a IQ Option estabelecida com sucesso.
2025-08-23 18:11:49,192 - INFO - Buscando lista de ativos abertos na IQ Option.
2025-08-23 18:11:54,877 - INFO - Iniciando busca por notícias econômicas do dia...
2025-08-23 18:11:56,216 - INFO - 2 notícias de impacto encontradas.
2025-08-23 18:17:04,058 - INFO - ORDEM ABERTA: Ativo=EURUSD-OTC, ID=12994352104, Gale=0
2025-08-23 18:18:01,057 - WARNING - RESULTADO: LOSS, Prejuízo=R$-15.00, Saldo Parcial=R$-15.00
2025-08-23 18:18:01,787 - INFO - ORDEM ABERTA: Ativo=EURUSD-OTC, ID=12994354431, Gale=1
2025-08-23 18:19:01,632 - INFO - RESULTADO: WIN, Lucro=R$+27.41, Saldo Parcial=R$+12.41
2025-08-23 18:20:03,345 - INFO - ORDEM ABERTA: Ativo=AUDCAD-OTC, ID=12994359671, Gale=0
2025-08-23 18:21:01,104 - INFO - RESULTADO: WIN, Lucro=R$+13.05, Saldo Parcial=R$+25.46
2025-08-23 18:28:03,475 - INFO - ORDEM ABERTA: Ativo=EURUSD-OTC, ID=12994379582, Gale=0
2025-08-23 18:29:01,177 - INFO - RESULTADO: WIN, Lucro=R$+13.05, Saldo Parcial=R$+38.51
2025-08-23 18:39:03,779 - INFO - ORDEM ABERTA: Ativo=EURUSD-OTC, ID=12994407048, Gale=0
2025-08-23 18:40:00,986 - INFO - RESULTADO: WIN, Lucro=R$+13.05, Saldo Parcial=R$+51.56
2025-08-23 18:40:03,201 - CRITICAL - ERRO CRÍTICO em executar_trade para o ativo AUDJPY-OTC
Traceback (most recent call last):
  File "C:\Users\willi\OneDrive\Desktop\SyncMT4\V3\bot\bot_core.py", line 243, in executar_trade
    check, trade_id = self.api.buy(entrada, ativo, direcao, timeframe)
  File "C:\Users\willi\OneDrive\Desktop\SyncMT4\V3\iqoptionapi\stable_api.py", line 913, in buy
    float(price), OP_code.ACTIVES[ACTIVES], str(ACTION), int(expirations), req_id)
KeyError: 'AUDJPY-OTC'
2025-08-23 18:42:04,090 - INFO - ORDEM ABERTA: Ativo=AUDCAD-OTC, ID=12994414331, Gale=0
2025-08-23 18:43:00,990 - WARNING - RESULTADO: LOSS, Prejuízo=R$-15.00, Saldo Parcial=R$+36.56
2025-08-23 18:43:01,525 - INFO - ORDEM ABERTA: Ativo=AUDCAD-OTC, ID=12994416231, Gale=1
2025-08-23 18:44:00,983 - INFO - RESULTADO: WIN, Lucro=R$+27.41, Saldo Parcial=R$+63.97
2025-08-23 18:49:03,828 - INFO - ORDEM ABERTA: Ativo=EURGBP-OTC, ID=12994430253, Gale=0
2025-08-23 18:50:01,118 - WARNING - RESULTADO: LOSS, Prejuízo=R$-15.00, Saldo Parcial=R$+48.97
2025-08-23 18:50:01,962 - INFO - ORDEM ABERTA: Ativo=EURGBP-OTC, ID=12994432454, Gale=1
2025-08-23 18:51:00,947 - WARNING - RESULTADO: LOSS, Prejuízo=R$-31.50, Saldo Parcial=R$+17.47
2025-08-23 19:02:06,119 - INFO - ORDEM ABERTA: Ativo=EURGBP-OTC, ID=12994461964, Gale=0
2025-08-23 19:03:01,389 - INFO - RESULTADO: WIN, Lucro=R$+13.05, Saldo Parcial=R$+30.52
2025-08-23 19:06:07,464 - CRITICAL - ERRO CRÍTICO em executar_trade para o ativo AUDJPY-OTC
Traceback (most recent call last):
  File "C:\Users\willi\OneDrive\Desktop\SyncMT4\V3\bot\bot_core.py", line 243, in executar_trade
    check, trade_id = self.api.buy(entrada, ativo, direcao, timeframe)
  File "C:\Users\willi\OneDrive\Desktop\SyncMT4\V3\iqoptionapi\stable_api.py", line 913, in buy
    float(price), OP_code.ACTIVES[ACTIVES], str(ACTION), int(expirations), req_id)
KeyError: 'AUDJPY-OTC'
2025-08-23 19:08:05,212 - INFO - ORDEM ABERTA: Ativo=EURUSD-OTC, ID=12994476816, Gale=0
2025-08-23 19:09:01,069 - INFO - RESULTADO: WIN, Lucro=R$+13.05, Saldo Parcial=R$+43.57
2025-08-23 19:11:04,097 - CRITICAL - ERRO CRÍTICO em executar_trade para o ativo TRUMPC-OTC
Traceback (most recent call last):
  File "C:\Users\willi\OneDrive\Desktop\SyncMT4\V3\bot\bot_core.py", line 243, in executar_trade
    check, trade_id = self.api.buy(entrada, ativo, direcao, timeframe)
  File "C:\Users\willi\OneDrive\Desktop\SyncMT4\V3\iqoptionapi\stable_api.py", line 913, in buy
    float(price), OP_code.ACTIVES[ACTIVES], str(ACTION), int(expirations), req_id)
KeyError: 'TRUMPC-OTC'
2025-08-23 19:13:06,740 - INFO - ORDEM ABERTA: Ativo=EURGBP-OTC, ID=12994489513, Gale=0
2025-08-23 19:14:01,185 - WARNING - RESULTADO: LOSS, Prejuízo=R$-15.00, Saldo Parcial=R$+28.57
2025-08-23 19:14:02,183 - INFO - ORDEM ABERTA: Ativo=EURGBP-OTC, ID=12994491257, Gale=1
2025-08-23 19:15:00,866 - WARNING - RESULTADO: LOSS, Prejuízo=R$-31.50, Saldo Parcial=R$-2.93
2025-08-23 19:39:03,356 - INFO - ORDEM ABERTA: Ativo=EURGBP-OTC, ID=12994551633, Gale=0
2025-08-23 19:40:01,054 - INFO - RESULTADO: WIN, Lucro=R$+13.05, Saldo Parcial=R$+10.12
2025-08-23 20:02:03,047 - CRITICAL - ERRO CRÍTICO em executar_trade para o ativo TRUMPC-OTC
Traceback (most recent call last):
  File "C:\Users\willi\OneDrive\Desktop\SyncMT4\V3\bot\bot_core.py", line 243, in executar_trade
    check, trade_id = self.api.buy(entrada, ativo, direcao, timeframe)
  File "C:\Users\willi\OneDrive\Desktop\SyncMT4\V3\iqoptionapi\stable_api.py", line 913, in buy
    float(price), OP_code.ACTIVES[ACTIVES], str(ACTION), int(expirations), req_id)
KeyError: 'TRUMPC-OTC'
2025-08-23 20:14:07,292 - INFO - ORDEM ABERTA: Ativo=AUDCAD-OTC, ID=12994636723, Gale=0
2025-08-23 20:15:01,087 - WARNING - RESULTADO: LOSS, Prejuízo=R$-15.00, Saldo Parcial=R$-4.88
2025-08-23 20:15:01,518 - INFO - ORDEM ABERTA: Ativo=AUDCAD-OTC, ID=12994639029, Gale=1
2025-08-23 20:16:01,552 - INFO - RESULTADO: WIN, Lucro=R$+27.41, Saldo Parcial=R$+22.53
2025-08-23 20:22:02,971 - ERROR - **warning** buy late 5 sec
2025-08-23 20:22:17,372 - ERROR - **warning** buy late 5 sec
2025-08-23 20:22:20,807 - ERROR - Connection to remote host was lost.
2025-08-23 20:22:20,807 - ERROR - Connection to remote host was lost. - goodbye
2025-08-23 20:22:20,807 - ERROR - error from callback <function WebsocketClient.on_close at 0x000002358EFA3370>: WebsocketClient.on_close() takes 1 positional argument but 3 were given
2025-08-23 20:22:20,807 - ERROR - WebsocketClient.on_close() takes 1 positional argument but 3 were given
2025-08-23 20:22:23,660 - CRITICAL - ERRO CRÍTICO em executar_trade para o ativo EURUSD-OTC
Traceback (most recent call last):
  File "C:\Users\willi\OneDrive\Desktop\SyncMT4\V3\bot\bot_core.py", line 243, in executar_trade
    check, trade_id = self.api.buy(entrada, ativo, direcao, timeframe)
  File "C:\Users\willi\OneDrive\Desktop\SyncMT4\V3\iqoptionapi\stable_api.py", line 912, in buy
    self.api.buyv3(
  File "C:\Users\willi\OneDrive\Desktop\SyncMT4\V3\iqoptionapi\ws\chanels\buyv3.py", line 34, in __call__
    self.send_websocket_request(self.name, data, str(request_id))
  File "C:\Users\willi\OneDrive\Desktop\SyncMT4\V3\iqoptionapi\ws\chanels\base.py", line 25, in send_websocket_request
    return self.api.send_websocket_request(name, msg,request_id)
  File "C:\Users\willi\OneDrive\Desktop\SyncMT4\V3\iqoptionapi\api.py", line 277, in send_websocket_request
    self.websocket.send(data)
  File "C:\Users\willi\AppData\Roaming\Python\Python310\site-packages\websocket\_app.py", line 240, in send
    raise WebSocketConnectionClosedException(
websocket._exceptions.WebSocketConnectionClosedException: Connection is already closed.
2025-08-23 20:23:13,859 - INFO - Comando de desligamento completo recebido.
2025-08-23 20:23:15,926 - INFO - Conexão com a IQ Option finalizada.
2025-08-23 20:23:27,560 - INFO - Aplicação finalizada.

2025-08-23 21:30:05,764 - INFO - ==================================================
2025-08-23 21:30:05,766 - INFO - Logger profissional iniciado. A aplicação está começando.
2025-08-23 21:30:05,766 - INFO - ==================================================
2025-08-23 21:30:09,072 - WARNING - Ícone não encontrado: assets/icons/dashboard.png. Erro: [Errno 2] No such file or directory: 'assets/icons/dashboard.png'
2025-08-23 21:30:09,101 - WARNING - Ícone não encontrado: assets/icons/strategy.png. Erro: [Errno 2] No such file or directory: 'assets/icons/strategy.png'
2025-08-23 21:30:09,111 - WARNING - Ícone não encontrado: assets/icons/lista.png. Erro: [Errno 2] No such file or directory: 'assets/icons/lista.png'
2025-08-23 21:30:09,117 - WARNING - Ícone não encontrado: assets/icons/management.png. Erro: [Errno 2] No such file or directory: 'assets/icons/management.png'
2025-08-23 21:30:09,154 - WARNING - Ícone não encontrado: assets/icons/catalog.png. Erro: [Errno 2] No such file or directory: 'assets/icons/catalog.png'
2025-08-23 21:30:09,161 - WARNING - Ícone não encontrado: assets/icons/news.png. Erro: [Errno 2] No such file or directory: 'assets/icons/news.png'
2025-08-23 21:30:09,168 - WARNING - Ícone não encontrado: assets/icons/settings.png. Erro: [Errno 2] No such file or directory: 'assets/icons/settings.png'
2025-08-23 21:34:29,102 - INFO - ==================================================
2025-08-23 21:34:29,102 - INFO - Logger profissional iniciado. A aplicação está começando.
2025-08-23 21:34:29,102 - INFO - ==================================================
2025-08-23 21:34:31,560 - INFO - Aplicação finalizada.

2025-08-23 21:34:38,821 - INFO - ==================================================
2025-08-23 21:34:38,822 - INFO - Logger profissional iniciado. A aplicação está começando.
2025-08-23 21:34:38,822 - INFO - ==================================================
2025-08-23 21:34:41,377 - WARNING - Ícone não encontrado: assets/icons/dashboard.png. Erro: [Errno 2] No such file or directory: 'assets/icons/dashboard.png'
2025-08-23 21:34:41,415 - WARNING - Ícone não encontrado: assets/icons/strategy.png. Erro: [Errno 2] No such file or directory: 'assets/icons/strategy.png'
2025-08-23 21:34:41,430 - WARNING - Ícone não encontrado: assets/icons/lista.png. Erro: [Errno 2] No such file or directory: 'assets/icons/lista.png'
2025-08-23 21:34:41,440 - WARNING - Ícone não encontrado: assets/icons/management.png. Erro: [Errno 2] No such file or directory: 'assets/icons/management.png'
2025-08-23 21:34:41,482 - WARNING - Ícone não encontrado: assets/icons/catalog.png. Erro: [Errno 2] No such file or directory: 'assets/icons/catalog.png'
2025-08-23 21:34:41,492 - WARNING - Ícone não encontrado: assets/icons/news.png. Erro: [Errno 2] No such file or directory: 'assets/icons/news.png'
2025-08-23 21:34:41,503 - WARNING - Ícone não encontrado: assets/icons/settings.png. Erro: [Errno 2] No such file or directory: 'assets/icons/settings.png'
2025-08-23 21:34:41,727 - INFO - Configurações carregadas do banco de dados.
2025-08-23 21:34:41,728 - INFO - Carregando configurações do robô.
2025-08-23 21:34:42,657 - INFO - Configurações carregadas do banco de dados.
2025-08-23 21:34:42,660 - INFO - Configurações carregadas na interface.
2025-08-23 21:34:43,700 - INFO - Configurações carregadas do banco de dados.
2025-08-23 21:34:43,704 - INFO - Configurações de gerenciamento carregadas na interface.
2025-08-23 21:34:43,730 - INFO - Iniciando conexão com a API IQ Option...
2025-08-23 21:34:45,356 - INFO - Websocket connected
2025-08-23 21:34:47,681 - INFO - Conexão com a IQ Option estabelecida com sucesso.
2025-08-23 21:34:47,868 - INFO - Buscando lista de ativos abertos na IQ Option.
2025-08-23 21:34:58,041 - INFO - Iniciando busca por notícias econômicas do dia...
2025-08-23 21:35:00,442 - INFO - 2 notícias de impacto encontradas.
2025-08-23 21:56:34,485 - INFO - Configuração salva: valor_entrada = 15
2025-08-23 21:56:34,485 - INFO - Configuração salva: stop_win = 100
2025-08-23 21:56:34,485 - INFO - Configuração salva: stop_loss = 100
2025-08-23 21:56:34,485 - INFO - Configuração salva: ciclos_valor_recuperacao = 
2025-08-23 21:56:34,486 - INFO - Configuração salva: ciclos_payout_recuperacao = 
2025-08-23 21:56:34,486 - INFO - Configuração salva: masaniello_capital = 100
2025-08-23 21:56:34,486 - INFO - Configuração salva: masaniello_num_trades = 10
2025-08-23 21:56:34,486 - INFO - Configuração salva: masaniello_wins_esperados = 5
2025-08-23 21:56:34,486 - INFO - Configuração salva: masaniello_payout = 80
2025-08-23 21:56:34,487 - INFO - Configuração salva: usar_ciclos = N
2025-08-23 21:56:34,487 - INFO - Configuração salva: usar_masaniello = S
2025-08-23 21:56:38,974 - INFO - Configurações carregadas do banco de dados.
2025-08-23 21:56:38,974 - INFO - Carregando configurações do robô.
2025-08-23 21:57:06,588 - INFO - Configurações carregadas do banco de dados.
2025-08-23 21:57:06,589 - INFO - Carregando configurações do robô.
2025-08-23 21:57:14,020 - INFO - Configurações carregadas do banco de dados.
2025-08-23 21:57:14,020 - INFO - Carregando configurações do robô.
2025-08-23 21:57:15,450 - INFO - Configurações carregadas do banco de dados.
2025-08-23 21:57:15,450 - INFO - Carregando configurações do robô.
2025-08-23 21:57:25,739 - INFO - Configurações carregadas do banco de dados.
2025-08-23 21:57:25,739 - INFO - Carregando configurações do robô.
2025-08-23 21:57:43,166 - INFO - Configurações carregadas do banco de dados.
2025-08-23 21:57:43,167 - INFO - Carregando configurações do robô.
2025-08-23 21:57:45,372 - INFO - Configurações carregadas do banco de dados.
2025-08-23 21:57:45,372 - INFO - Carregando configurações do robô.
2025-08-23 21:57:45,603 - INFO - Configurações carregadas do banco de dados.
2025-08-23 21:57:45,604 - INFO - Carregando configurações do robô.
2025-08-23 22:00:52,015 - INFO - Comando de desligamento completo recebido.
2025-08-23 22:00:54,027 - INFO - Conexão com a IQ Option finalizada.
2025-08-23 22:00:56,476 - INFO - Aplicação finalizada.

2025-08-23 22:01:03,399 - INFO - ==================================================
2025-08-23 22:01:03,399 - INFO - Logger profissional iniciado. A aplicação está começando.
2025-08-23 22:01:03,399 - INFO - ==================================================
2025-08-23 22:01:06,408 - WARNING - Ícone não encontrado: assets/icons/dashboard.png. Erro: [Errno 2] No such file or directory: 'assets/icons/dashboard.png'
2025-08-23 22:01:06,463 - WARNING - Ícone não encontrado: assets/icons/strategy.png. Erro: [Errno 2] No such file or directory: 'assets/icons/strategy.png'
2025-08-23 22:01:06,479 - WARNING - Ícone não encontrado: assets/icons/lista.png. Erro: [Errno 2] No such file or directory: 'assets/icons/lista.png'
2025-08-23 22:01:06,493 - WARNING - Ícone não encontrado: assets/icons/management.png. Erro: [Errno 2] No such file or directory: 'assets/icons/management.png'
2025-08-23 22:01:06,542 - WARNING - Ícone não encontrado: assets/icons/catalog.png. Erro: [Errno 2] No such file or directory: 'assets/icons/catalog.png'
2025-08-23 22:01:06,556 - WARNING - Ícone não encontrado: assets/icons/news.png. Erro: [Errno 2] No such file or directory: 'assets/icons/news.png'
2025-08-23 22:01:06,568 - WARNING - Ícone não encontrado: assets/icons/settings.png. Erro: [Errno 2] No such file or directory: 'assets/icons/settings.png'
2025-08-23 22:01:06,920 - INFO - Configurações carregadas do banco de dados.
2025-08-23 22:01:06,921 - INFO - Carregando configurações do robô.
2025-08-23 22:03:15,205 - INFO - Aplicação finalizada.

2025-08-23 22:03:25,068 - INFO - ==================================================
2025-08-23 22:03:25,069 - INFO - Logger profissional iniciado. A aplicação está começando.
2025-08-23 22:03:25,069 - INFO - ==================================================
2025-08-23 22:03:27,303 - INFO - Banco de dados de configuração vazio. Populando com valores padrão.
2025-08-23 22:03:28,090 - WARNING - Ícone não encontrado: assets/icons/dashboard.png. Erro: [Errno 2] No such file or directory: 'assets/icons/dashboard.png'
2025-08-23 22:03:28,150 - WARNING - Ícone não encontrado: assets/icons/strategy.png. Erro: [Errno 2] No such file or directory: 'assets/icons/strategy.png'
2025-08-23 22:03:28,162 - WARNING - Ícone não encontrado: assets/icons/lista.png. Erro: [Errno 2] No such file or directory: 'assets/icons/lista.png'
2025-08-23 22:03:28,174 - WARNING - Ícone não encontrado: assets/icons/management.png. Erro: [Errno 2] No such file or directory: 'assets/icons/management.png'
2025-08-23 22:03:28,237 - WARNING - Ícone não encontrado: assets/icons/catalog.png. Erro: [Errno 2] No such file or directory: 'assets/icons/catalog.png'
2025-08-23 22:03:28,247 - WARNING - Ícone não encontrado: assets/icons/news.png. Erro: [Errno 2] No such file or directory: 'assets/icons/news.png'
2025-08-23 22:03:28,259 - WARNING - Ícone não encontrado: assets/icons/settings.png. Erro: [Errno 2] No such file or directory: 'assets/icons/settings.png'
2025-08-23 22:03:28,481 - INFO - Configurações carregadas do banco de dados.
2025-08-23 22:03:28,482 - INFO - Carregando configurações do robô.
2025-08-23 22:03:29,421 - INFO - Configurações carregadas do banco de dados.
2025-08-23 22:03:29,424 - INFO - Configurações carregadas na interface.
2025-08-23 22:03:30,019 - INFO - Configurações carregadas do banco de dados.
2025-08-23 22:03:30,022 - INFO - Configurações de gerenciamento carregadas na interface.
2025-08-23 22:03:30,039 - INFO - Iniciando conexão com a API IQ Option...
2025-08-23 22:03:31,235 - INFO - Websocket connected
2025-08-23 22:03:33,767 - INFO - Conexão com a IQ Option estabelecida com sucesso.
2025-08-23 22:03:33,994 - INFO - Buscando lista de ativos abertos na IQ Option.
2025-08-23 22:03:45,186 - INFO - Iniciando busca por notícias econômicas do dia...
2025-08-23 22:03:47,449 - INFO - 2 notícias de impacto encontradas.
2025-08-23 22:04:59,533 - INFO - Configuração salva: valor_entrada = 5
2025-08-23 22:04:59,533 - INFO - Configuração salva: stop_win = 100
2025-08-23 22:04:59,533 - INFO - Configuração salva: stop_loss = 100
2025-08-23 22:04:59,533 - INFO - Configuração salva: ciclos_valor_recuperacao = 
2025-08-23 22:04:59,533 - INFO - Configuração salva: ciclos_payout_recuperacao = 
2025-08-23 22:04:59,533 - INFO - Configuração salva: masaniello_capital = 100
2025-08-23 22:04:59,533 - INFO - Configuração salva: masaniello_num_trades = 10
2025-08-23 22:04:59,533 - INFO - Configuração salva: masaniello_wins_esperados = 5
2025-08-23 22:04:59,534 - INFO - Configuração salva: masaniello_payout = 
2025-08-23 22:04:59,534 - INFO - Configuração salva: usar_ciclos = N
2025-08-23 22:04:59,534 - INFO - Configuração salva: usar_masaniello = S
2025-08-23 22:05:08,912 - INFO - --- DEBUG: Botão Iniciar Pressionado ---
2025-08-23 22:05:08,916 - INFO - Configurações carregadas do banco de dados.
2025-08-23 22:05:08,916 - INFO - Carregando configurações do robô.
2025-08-23 22:05:08,917 - INFO - Masaniello inicializado: Capital=100.0, N=10, K=5, Payout=0.85
2025-08-23 22:05:08,917 - INFO - Configurações do bot_core recarregadas.
2025-08-23 22:05:08,917 - INFO - Configurações recarregadas no bot_core antes de iniciar a estratégia.
2025-08-23 22:05:08,949 - INFO - --- DEBUG: Estratégia selecionada na UI: 'Lista de Sinais' ---
2025-08-23 22:05:08,950 - INFO - --- DEBUG: Verificando bloco 'Lista de Sinais' ---
2025-08-23 22:05:08,950 - INFO - --- DEBUG: Objeto de estratégia criado: <bot.strategies.signal_list_strategy.SignalListStrategy object at 0x00000171BE94AB30> ---
2025-08-23 22:05:08,951 - INFO - --- DEBUG: Objeto de estratégia é válido. Chamando self.strategy.start() ---
2025-08-23 22:05:08,952 - INFO - Loop da lista de sinais iniciado.
2025-08-23 22:06:00,433 - INFO - Executando sinal: {'id': 'a2e2548a-4bfb-4118-8ae5-30080e629741', 'time': '22:06', 'asset': 'EURUSD-OTC', 'action': 'put', 'status': 'pending'}
2025-08-23 22:06:00,965 - INFO - ORDEM ABERTA: Ativo=EURUSD-OTC, ID=12994920919, Gale=0
2025-08-23 22:07:01,018 - INFO - RESULTADO: WIN, Lucro=R$+51.17, Saldo Parcial=R$+51.17
2025-08-23 22:07:01,019 - INFO - Masaniello Pós-Trade: Wins=1, Losses=0, Caixa=151.17
2025-08-23 22:07:02,140 - INFO - Executando sinal: {'id': 'ce4508e8-2e69-47c3-8de8-e51efc426bdf', 'time': '22:07', 'asset': 'USDJPY-OTC', 'action': 'call', 'status': 'pending'}
2025-08-23 22:07:03,038 - INFO - ORDEM ABERTA: Ativo=USDJPY-OTC, ID=12994923763, Gale=0
2025-08-23 22:08:01,042 - WARNING - RESULTADO: LOSS, Prejuízo=R$-79.04, Saldo Parcial=R$-27.87
2025-08-23 22:08:02,040 - INFO - ORDEM ABERTA: Ativo=USDJPY-OTC, ID=12994925850, Gale=1
2025-08-23 22:09:00,883 - WARNING - RESULTADO: LOSS, Prejuízo=R$-79.04, Saldo Parcial=R$-106.91
2025-08-23 22:09:00,886 - WARNING - STOP LOSS ATINGIDO: R$-106.91
2025-08-23 22:09:00,886 - INFO - Masaniello Pós-Trade: Wins=1, Losses=1, Caixa=72.13
2025-08-23 22:09:02,078 - INFO - Executando sinal: {'id': '309c5331-2ba4-4d8e-b5ae-b0789038d08d', 'time': '22:09', 'asset': 'EURJPY-OTC', 'action': 'call', 'status': 'pending'}
2025-08-23 22:09:26,999 - INFO - Status do robô alterado para: ATIVO
2025-08-23 22:09:27,342 - INFO - Loop da lista de sinais finalizado.
2025-08-23 22:09:42,372 - INFO - Configuração salva: valor_entrada = 5
2025-08-23 22:09:42,374 - INFO - Configuração salva: stop_win = 100
2025-08-23 22:09:42,374 - INFO - Configuração salva: stop_loss = 100
2025-08-23 22:09:42,374 - INFO - Configuração salva: ciclos_valor_recuperacao = 
2025-08-23 22:09:42,374 - INFO - Configuração salva: ciclos_payout_recuperacao = 
2025-08-23 22:09:42,374 - INFO - Configuração salva: masaniello_capital = 100
2025-08-23 22:09:42,374 - INFO - Configuração salva: masaniello_num_trades = 10
2025-08-23 22:09:42,375 - INFO - Configuração salva: masaniello_wins_esperados = 5
2025-08-23 22:09:42,375 - INFO - Configuração salva: masaniello_payout = 
2025-08-23 22:09:42,375 - INFO - Configuração salva: usar_ciclos = N
2025-08-23 22:09:42,375 - INFO - Configuração salva: usar_masaniello = S
2025-08-23 22:09:43,945 - INFO - --- DEBUG: Botão Iniciar Pressionado ---
2025-08-23 22:09:43,947 - INFO - Configurações carregadas do banco de dados.
2025-08-23 22:09:43,948 - INFO - Carregando configurações do robô.
2025-08-23 22:09:43,948 - INFO - Masaniello inicializado: Capital=100.0, N=10, K=5, Payout=0.85
2025-08-23 22:09:43,949 - INFO - Configurações do bot_core recarregadas.
2025-08-23 22:09:43,949 - INFO - Configurações recarregadas no bot_core antes de iniciar a estratégia.
2025-08-23 22:09:43,949 - INFO - --- DEBUG: Estratégia selecionada na UI: 'Lista de Sinais' ---
2025-08-23 22:09:43,950 - INFO - --- DEBUG: Verificando bloco 'Lista de Sinais' ---
2025-08-23 22:09:43,950 - INFO - --- DEBUG: Objeto de estratégia criado: <bot.strategies.signal_list_strategy.SignalListStrategy object at 0x00000171BE94B610> ---
2025-08-23 22:09:43,951 - INFO - --- DEBUG: Objeto de estratégia é válido. Chamando self.strategy.start() ---
2025-08-23 22:09:43,952 - INFO - Loop da lista de sinais iniciado.
2025-08-23 22:10:00,110 - INFO - Executando sinal: {'id': 'accef637-0a93-4f9a-b823-49692b751a60', 'time': '22:10', 'asset': 'GBPJPY-OTC', 'action': 'put', 'status': 'pending'}
2025-08-23 22:10:20,973 - INFO - Status do robô alterado para: ATIVO
2025-08-23 22:10:21,356 - INFO - Loop da lista de sinais finalizado.
2025-08-23 22:10:24,391 - INFO - Comando de desligamento completo recebido.
2025-08-23 22:10:26,404 - INFO - Conexão com a IQ Option finalizada.
2025-08-23 22:10:27,733 - INFO - Aplicação finalizada.

2025-08-23 22:13:42,933 - INFO - ==================================================
2025-08-23 22:13:42,933 - INFO - Logger profissional iniciado. A aplicação está começando.
2025-08-23 22:13:42,934 - INFO - ==================================================
2025-08-23 22:13:47,947 - WARNING - Ícone não encontrado: assets/icons/dashboard.png. Erro: [Errno 2] No such file or directory: 'assets/icons/dashboard.png'
2025-08-23 22:13:47,995 - WARNING - Ícone não encontrado: assets/icons/strategy.png. Erro: [Errno 2] No such file or directory: 'assets/icons/strategy.png'
2025-08-23 22:13:48,006 - WARNING - Ícone não encontrado: assets/icons/lista.png. Erro: [Errno 2] No such file or directory: 'assets/icons/lista.png'
2025-08-23 22:13:48,015 - WARNING - Ícone não encontrado: assets/icons/management.png. Erro: [Errno 2] No such file or directory: 'assets/icons/management.png'
2025-08-23 22:13:48,110 - WARNING - Ícone não encontrado: assets/icons/catalog.png. Erro: [Errno 2] No such file or directory: 'assets/icons/catalog.png'
2025-08-23 22:13:48,118 - WARNING - Ícone não encontrado: assets/icons/news.png. Erro: [Errno 2] No such file or directory: 'assets/icons/news.png'
2025-08-23 22:13:48,127 - WARNING - Ícone não encontrado: assets/icons/settings.png. Erro: [Errno 2] No such file or directory: 'assets/icons/settings.png'
2025-08-23 22:13:48,684 - INFO - Configurações carregadas do banco de dados.
2025-08-23 22:13:48,685 - INFO - Carregando configurações do robô.
2025-08-23 22:13:48,685 - INFO - Masaniello inicializado: Capital=100.0, N=10, K=5, Payout=0.85
2025-08-23 22:13:49,585 - INFO - Configurações carregadas do banco de dados.
2025-08-23 22:13:49,588 - INFO - Configurações carregadas na interface.
2025-08-23 22:13:50,253 - INFO - Configurações carregadas do banco de dados.
2025-08-23 22:13:50,256 - INFO - Configurações de gerenciamento carregadas na interface.
2025-08-23 22:13:50,292 - INFO - Iniciando conexão com a API IQ Option...
2025-08-23 22:13:51,542 - INFO - Websocket connected
2025-08-23 22:13:53,848 - INFO - Conexão com a IQ Option estabelecida com sucesso.
2025-08-23 22:13:53,919 - INFO - Buscando lista de ativos abertos na IQ Option.
2025-08-23 22:14:03,243 - INFO - Iniciando busca por notícias econômicas do dia...
2025-08-23 22:14:05,833 - INFO - 2 notícias de impacto encontradas.
2025-08-23 22:23:22,839 - INFO - Comando de desligamento completo recebido.
2025-08-23 22:23:24,848 - INFO - Conexão com a IQ Option finalizada.
2025-08-23 22:23:25,286 - INFO - Aplicação finalizada.

2025-08-23 22:24:20,479 - INFO - ==================================================
2025-08-23 22:24:20,479 - INFO - Logger profissional iniciado. A aplicação está começando.
2025-08-23 22:24:20,479 - INFO - ==================================================
2025-08-23 22:24:20,479 - INFO - =================================================
2025-08-23 22:24:20,570 - INFO - ==   Aguardando login para iniciar os sistemas   ==
2025-08-23 22:24:20,571 - INFO - =================================================
2025-08-23 22:24:44,915 - INFO - Aplicação finalizada.

2025-08-23 22:25:52,594 - INFO - ==================================================
2025-08-23 22:25:52,595 - INFO - Logger profissional iniciado. A aplicação está começando.
2025-08-23 22:25:52,595 - INFO - ==================================================
2025-08-23 22:25:52,595 - INFO - =================================================
2025-08-23 22:25:52,595 - INFO - ==         QUANTUM TRADING ROBOT v4.0          ==
2025-08-23 22:25:52,595 - INFO - ==   Aguardando login para iniciar os sistemas   ==
2025-08-23 22:25:52,595 - INFO - =================================================
2025-08-23 22:25:55,323 - WARNING - Ícone não encontrado: assets/icons/dashboard.png. Erro: [Errno 2] No such file or directory: 'assets/icons/dashboard.png'
2025-08-23 22:25:55,359 - WARNING - Ícone não encontrado: assets/icons/strategy.png. Erro: [Errno 2] No such file or directory: 'assets/icons/strategy.png'
2025-08-23 22:25:55,370 - WARNING - Ícone não encontrado: assets/icons/lista.png. Erro: [Errno 2] No such file or directory: 'assets/icons/lista.png'
2025-08-23 22:25:55,380 - WARNING - Ícone não encontrado: assets/icons/management.png. Erro: [Errno 2] No such file or directory: 'assets/icons/management.png'
2025-08-23 22:25:55,424 - WARNING - Ícone não encontrado: assets/icons/catalog.png. Erro: [Errno 2] No such file or directory: 'assets/icons/catalog.png'
2025-08-23 22:25:55,435 - WARNING - Ícone não encontrado: assets/icons/news.png. Erro: [Errno 2] No such file or directory: 'assets/icons/news.png'
2025-08-23 22:25:55,449 - WARNING - Ícone não encontrado: assets/icons/settings.png. Erro: [Errno 2] No such file or directory: 'assets/icons/settings.png'
2025-08-23 22:25:55,721 - INFO - Configurações carregadas do banco de dados.
2025-08-23 22:25:55,722 - INFO - Carregando configurações do robô.
2025-08-23 22:25:55,722 - INFO - Masaniello inicializado: Capital=100.0, N=10, K=5, Payout=0.85
2025-08-23 22:25:56,610 - INFO - Configurações carregadas do banco de dados.
2025-08-23 22:25:56,614 - INFO - Configurações carregadas na interface.
2025-08-23 22:25:57,290 - INFO - Configurações carregadas do banco de dados.
2025-08-23 22:25:57,292 - INFO - Configurações de gerenciamento carregadas na interface.
2025-08-23 22:25:57,315 - INFO - Iniciando conexão com a API IQ Option...
2025-08-23 22:25:58,444 - INFO - Websocket connected
2025-08-23 22:26:00,940 - INFO - Conexão com a IQ Option estabelecida com sucesso.
2025-08-23 22:26:01,000 - INFO - Buscando lista de ativos abertos na IQ Option.
2025-08-23 22:26:11,736 - INFO - Iniciando busca por notícias econômicas do dia...
2025-08-23 22:26:13,555 - INFO - 2 notícias de impacto encontradas.
2025-08-23 22:28:08,733 - INFO - Configuração salva: valor_entrada = 5
2025-08-23 22:28:08,733 - INFO - Configuração salva: stop_win = 100
2025-08-23 22:28:08,734 - INFO - Configuração salva: stop_loss = 100
2025-08-23 22:28:08,734 - INFO - Configuração salva: ciclos_valor_recuperacao = 20
2025-08-23 22:28:08,734 - INFO - Configuração salva: ciclos_payout_recuperacao = 
2025-08-23 22:28:08,734 - INFO - Configuração salva: masaniello_capital = 
2025-08-23 22:28:08,735 - INFO - Configuração salva: masaniello_num_trades = 
2025-08-23 22:28:08,735 - INFO - Configuração salva: masaniello_wins_esperados = 
2025-08-23 22:28:08,735 - INFO - Configuração salva: masaniello_payout = 
2025-08-23 22:28:08,735 - INFO - Configuração salva: usar_ciclos = S
2025-08-23 22:28:08,736 - INFO - Configuração salva: usar_masaniello = N
2025-08-23 22:28:28,779 - INFO - Configurações carregadas do banco de dados.
2025-08-23 22:28:28,779 - INFO - Carregando configurações do robô.
2025-08-23 22:28:28,779 - INFO - Configurações do bot_core recarregadas.
2025-08-23 22:28:28,779 - INFO - Configurações recarregadas no bot_core antes de iniciar a estratégia.
2025-08-23 22:28:28,780 - INFO - Loop da lista de sinais iniciado.
2025-08-23 22:29:00,032 - INFO - Executando sinal: {'id': '949350d3-20d8-48b4-a04c-a74679c14809', 'time': '22:29', 'asset': 'GBPJPY-OTC', 'action': 'put', 'status': 'pending'}
2025-08-23 22:29:00,942 - INFO - ORDEM ABERTA: Ativo=GBPJPY-OTC, ID=12994979776, Gale=0
2025-08-23 22:30:01,184 - INFO - RESULTADO: WIN, Lucro=R$+4.30, Saldo Parcial=R$+4.30
2025-08-23 22:30:02,330 - INFO - Executando sinal: {'id': '1ce26d66-b3b8-4755-aff5-3347d7c647dd', 'time': '22:30', 'asset': 'AUDCAD-OTC', 'action': 'call', 'status': 'pending'}
2025-08-23 22:30:02,884 - INFO - ORDEM ABERTA: Ativo=AUDCAD-OTC, ID=12994982852, Gale=0
2025-08-23 22:31:00,792 - INFO - RESULTADO: WIN, Lucro=R$+4.35, Saldo Parcial=R$+8.65
2025-08-23 22:31:02,010 - INFO - Executando sinal: {'id': 'ebf4c21b-d959-4f18-a653-e62194e76950', 'time': '22:31', 'asset': 'GBPUSD-OTC', 'action': 'put', 'status': 'pending'}
2025-08-23 22:31:02,748 - INFO - ORDEM ABERTA: Ativo=GBPUSD-OTC, ID=12994985441, Gale=0
2025-08-23 22:32:00,754 - WARNING - RESULTADO: LOSS, Prejuízo=R$-5.00, Saldo Parcial=R$+3.65
2025-08-23 22:32:01,200 - INFO - ORDEM ABERTA: Ativo=GBPUSD-OTC, ID=12994988174, Gale=1
2025-08-23 22:33:00,939 - INFO - RESULTADO: WIN, Lucro=R$+9.14, Saldo Parcial=R$+12.79
2025-08-23 22:33:02,083 - INFO - Executando sinal: {'id': '572fbad6-9b27-463f-8c9b-4fa187cb69a3', 'time': '22:33', 'asset': 'NZDUSD-OTC', 'action': 'call', 'status': 'pending'}
2025-08-23 22:34:00,184 - INFO - Executando sinal: {'id': 'e2f33f3e-3197-4f88-9b4e-b556301d9216', 'time': '22:34', 'asset': 'USDJPY-OTC', 'action': 'put', 'status': 'pending'}
2025-08-23 22:34:01,137 - INFO - ORDEM ABERTA: Ativo=USDJPY-OTC, ID=12994993755, Gale=0
2025-08-23 22:35:01,449 - INFO - RESULTADO: WIN, Lucro=R$+17.20, Saldo Parcial=R$+29.99
2025-08-23 22:35:02,833 - INFO - Executando sinal: {'id': '05ffe85d-e692-420e-9cec-b7c7395d464b', 'time': '22:35', 'asset': 'EURUSD-OTC', 'action': 'put', 'status': 'pending'}
2025-08-23 22:35:03,284 - INFO - ORDEM ABERTA: Ativo=EURUSD-OTC, ID=12994997064, Gale=0
2025-08-23 22:36:00,767 - INFO - RESULTADO: WIN, Lucro=R$+4.35, Saldo Parcial=R$+34.34
2025-08-23 22:36:02,001 - INFO - Executando sinal: {'id': '25540e8d-6b0a-4230-a0f2-81a8450726fc', 'time': '22:36', 'asset': 'AUDCAD-OTC', 'action': 'call', 'status': 'pending'}
2025-08-23 22:36:02,560 - INFO - ORDEM ABERTA: Ativo=AUDCAD-OTC, ID=12994999891, Gale=0
2025-08-23 22:37:00,732 - INFO - RESULTADO: WIN, Lucro=R$+4.35, Saldo Parcial=R$+38.69
2025-08-23 22:37:02,439 - INFO - Executando sinal: {'id': 'c463dfc3-7030-4ff5-a58e-f3f8248176a7', 'time': '22:37', 'asset': 'GBPJPY-OTC', 'action': 'put', 'status': 'pending'}
2025-08-23 22:37:03,620 - INFO - ORDEM ABERTA: Ativo=GBPJPY-OTC, ID=12995002865, Gale=0
2025-08-23 22:38:00,969 - WARNING - RESULTADO: LOSS, Prejuízo=R$-5.00, Saldo Parcial=R$+33.69
2025-08-23 22:38:02,060 - INFO - ORDEM ABERTA: Ativo=GBPJPY-OTC, ID=12995005529, Gale=1
2025-08-23 22:39:00,879 - INFO - RESULTADO: WIN, Lucro=R$+9.03, Saldo Parcial=R$+42.72
2025-08-23 22:39:02,096 - INFO - Executando sinal: {'id': '8af94a25-3008-4822-ba95-eab247c34e38', 'time': '22:39', 'asset': 'EURJPY-OTC', 'action': 'put', 'status': 'pending'}
2025-08-23 22:40:00,068 - INFO - Executando sinal: {'id': '31211847-4733-46ec-ad9b-9ab11791d524', 'time': '22:40', 'asset': 'NZDUSD-OTC', 'action': 'call', 'status': 'pending'}
2025-08-23 22:40:29,909 - INFO - Status do robô alterado para: ATIVO
2025-08-23 22:40:29,932 - INFO - Loop da lista de sinais finalizado.
2025-08-23 22:43:09,177 - INFO - Status do robô alterado para: ATIVO
2025-08-23 22:43:09,235 - INFO - Estado do bot_core resetado.
2025-08-23 22:43:23,105 - INFO - Status do robô alterado para: ATIVO
2025-08-23 22:43:23,156 - INFO - Estado do bot_core resetado.
2025-08-23 22:43:23,753 - INFO - Status do robô alterado para: ATIVO
2025-08-23 22:43:23,786 - INFO - Estado do bot_core resetado.
2025-08-23 23:09:23,377 - INFO - Status do robô alterado para: ATIVO
2025-08-23 23:09:23,441 - INFO - Estado do bot_core resetado.
2025-08-23 23:09:25,902 - INFO - Comando de desligamento completo recebido.
2025-08-23 23:09:27,906 - INFO - Conexão com a IQ Option finalizada.
2025-08-23 23:09:29,313 - INFO - Aplicação finalizada.

2025-08-23 23:09:35,590 - INFO - ==================================================
2025-08-23 23:09:35,590 - INFO - Logger profissional iniciado. A aplicação está começando.
2025-08-23 23:09:35,590 - INFO - ==================================================
2025-08-23 23:09:35,591 - INFO - =================================================
2025-08-23 23:09:35,591 - INFO - ==         QUANTUM TRADING ROBOT v4.0          ==
2025-08-23 23:09:35,591 - INFO - ==   Aguardando login para iniciar os sistemas   ==
2025-08-23 23:09:35,591 - INFO - =================================================
2025-08-23 23:09:39,153 - WARNING - Ícone não encontrado: assets/icons/dashboard.png. Erro: [Errno 2] No such file or directory: 'assets/icons/dashboard.png'
2025-08-23 23:09:39,188 - WARNING - Ícone não encontrado: assets/icons/strategy.png. Erro: [Errno 2] No such file or directory: 'assets/icons/strategy.png'
2025-08-23 23:09:39,201 - WARNING - Ícone não encontrado: assets/icons/lista.png. Erro: [Errno 2] No such file or directory: 'assets/icons/lista.png'
2025-08-23 23:09:39,212 - WARNING - Ícone não encontrado: assets/icons/management.png. Erro: [Errno 2] No such file or directory: 'assets/icons/management.png'
2025-08-23 23:09:39,224 - WARNING - Ícone não encontrado: assets/icons/catalog.png. Erro: [Errno 2] No such file or directory: 'assets/icons/catalog.png'
2025-08-23 23:09:39,234 - WARNING - Ícone não encontrado: assets/icons/news.png. Erro: [Errno 2] No such file or directory: 'assets/icons/news.png'
2025-08-23 23:09:39,248 - WARNING - Ícone não encontrado: assets/icons/settings.png. Erro: [Errno 2] No such file or directory: 'assets/icons/settings.png'
2025-08-23 23:09:39,565 - INFO - Configurações carregadas do banco de dados.
2025-08-23 23:09:39,566 - INFO - Carregando configurações do robô.
2025-08-23 23:09:40,661 - INFO - Configurações carregadas do banco de dados.
2025-08-23 23:09:40,665 - INFO - Configurações de gerenciamento carregadas na interface.
2025-08-23 23:09:41,522 - INFO - Configurações carregadas do banco de dados.
2025-08-23 23:09:41,526 - INFO - Configurações carregadas na interface.
2025-08-23 23:09:41,553 - INFO - Iniciando conexão com a API IQ Option...
2025-08-23 23:09:42,710 - INFO - Websocket connected
2025-08-23 23:09:47,874 - INFO - Conexão com a IQ Option estabelecida com sucesso.
2025-08-23 23:09:47,949 - INFO - Buscando lista de ativos abertos na IQ Option.
2025-08-23 23:10:01,489 - INFO - Iniciando busca por notícias econômicas do dia...
2025-08-23 23:10:04,196 - INFO - 2 notícias de impacto encontradas.
2025-08-23 23:27:21,278 - ERROR - Connection to remote host was lost.
2025-08-23 23:27:21,279 - ERROR - Connection to remote host was lost. - goodbye
2025-08-23 23:27:21,279 - ERROR - error from callback <function WebsocketClient.on_close at 0x000001AFC5037640>: WebsocketClient.on_close() takes 1 positional argument but 3 were given
2025-08-23 23:27:21,280 - ERROR - WebsocketClient.on_close() takes 1 positional argument but 3 were given
2025-08-23 23:40:08,406 - INFO - Comando de desligamento completo recebido.
2025-08-23 23:40:10,414 - INFO - Conexão com a IQ Option finalizada.
2025-08-23 23:40:10,595 - INFO - Aplicação finalizada.

